<?xml version="1.0" encoding="UTF-8"?>
<testsuites>
  <testsuite name="integrationtests" tests="481" assertions="481" errors="0" warnings="0" failures="0" skipped="0" time="2157.239465">
    <testsuite name="Aspose\Cells\Cloud\CalculateTest" file="D:\cells.cloud-sdk-php\integrationtests\Calculate\CalculateTest.php" tests="2" assertions="2" errors="0" warnings="0" failures="0" skipped="0" time="6.635693">
      <testcase name="testAggregateCellsByColor" class="Aspose\Cells\Cloud\CalculateTest" classname="Aspose.Cells.Cloud.CalculateTest" file="D:\cells.cloud-sdk-php\integrationtests\Calculate\CalculateTest.php" line="50" assertions="1" time="4.302883"/>
      <testcase name="testMathCalculate" class="Aspose\Cells\Cloud\CalculateTest" classname="Aspose.Cells.Cloud.CalculateTest" file="D:\cells.cloud-sdk-php\integrationtests\Calculate\CalculateTest.php" line="69" assertions="1" time="2.332810"/>
    </testsuite>
    <testsuite name="Aspose\Cells\Cloud\AutoFilterControllerTest" file="D:\cells.cloud-sdk-php\integrationtests\CellsCloud30\AutoFilterControllerTest.php" tests="13" assertions="13" errors="0" warnings="0" failures="0" skipped="0" time="58.714036">
      <testcase name="testGetWorksheetAutoFilter" class="Aspose\Cells\Cloud\AutoFilterControllerTest" classname="Aspose.Cells.Cloud.AutoFilterControllerTest" file="D:\cells.cloud-sdk-php\integrationtests\CellsCloud30\AutoFilterControllerTest.php" line="61" assertions="1" time="4.026140"/>
      <testcase name="testPutWorksheetDateFilter" class="Aspose\Cells\Cloud\AutoFilterControllerTest" classname="Aspose.Cells.Cloud.AutoFilterControllerTest" file="D:\cells.cloud-sdk-php\integrationtests\CellsCloud30\AutoFilterControllerTest.php" line="88" assertions="1" time="4.877354"/>
      <testcase name="testPutWorksheetFilter" class="Aspose\Cells\Cloud\AutoFilterControllerTest" classname="Aspose.Cells.Cloud.AutoFilterControllerTest" file="D:\cells.cloud-sdk-php\integrationtests\CellsCloud30\AutoFilterControllerTest.php" line="121" assertions="1" time="4.295185"/>
      <testcase name="testPutWorksheetIconFilter" class="Aspose\Cells\Cloud\AutoFilterControllerTest" classname="Aspose.Cells.Cloud.AutoFilterControllerTest" file="D:\cells.cloud-sdk-php\integrationtests\CellsCloud30\AutoFilterControllerTest.php" line="153" assertions="1" time="5.086773"/>
      <testcase name="testPutWorksheetCustomFilter" class="Aspose\Cells\Cloud\AutoFilterControllerTest" classname="Aspose.Cells.Cloud.AutoFilterControllerTest" file="D:\cells.cloud-sdk-php\integrationtests\CellsCloud30\AutoFilterControllerTest.php" line="186" assertions="1" time="3.497288"/>
      <testcase name="testPutWorksheetDynamicFilter" class="Aspose\Cells\Cloud\AutoFilterControllerTest" classname="Aspose.Cells.Cloud.AutoFilterControllerTest" file="D:\cells.cloud-sdk-php\integrationtests\CellsCloud30\AutoFilterControllerTest.php" line="219" assertions="1" time="4.900349"/>
      <testcase name="testPutWorksheetFilterTop10" class="Aspose\Cells\Cloud\AutoFilterControllerTest" classname="Aspose.Cells.Cloud.AutoFilterControllerTest" file="D:\cells.cloud-sdk-php\integrationtests\CellsCloud30\AutoFilterControllerTest.php" line="251" assertions="1" time="3.798367"/>
      <testcase name="testPutWorksheetColorFilter" class="Aspose\Cells\Cloud\AutoFilterControllerTest" classname="Aspose.Cells.Cloud.AutoFilterControllerTest" file="D:\cells.cloud-sdk-php\integrationtests\CellsCloud30\AutoFilterControllerTest.php" line="285" assertions="1" time="4.202580"/>
      <testcase name="testPostWorksheetMatchBlanks" class="Aspose\Cells\Cloud\AutoFilterControllerTest" classname="Aspose.Cells.Cloud.AutoFilterControllerTest" file="D:\cells.cloud-sdk-php\integrationtests\CellsCloud30\AutoFilterControllerTest.php" line="327" assertions="1" time="4.880984"/>
      <testcase name="testPostWorksheetMatchNonBlanks" class="Aspose\Cells\Cloud\AutoFilterControllerTest" classname="Aspose.Cells.Cloud.AutoFilterControllerTest" file="D:\cells.cloud-sdk-php\integrationtests\CellsCloud30\AutoFilterControllerTest.php" line="355" assertions="1" time="4.223850"/>
      <testcase name="testPostWorksheetAutoFilterRefresh" class="Aspose\Cells\Cloud\AutoFilterControllerTest" classname="Aspose.Cells.Cloud.AutoFilterControllerTest" file="D:\cells.cloud-sdk-php\integrationtests\CellsCloud30\AutoFilterControllerTest.php" line="383" assertions="1" time="4.733199"/>
      <testcase name="testDeleteWorksheetDateFilter" class="Aspose\Cells\Cloud\AutoFilterControllerTest" classname="Aspose.Cells.Cloud.AutoFilterControllerTest" file="D:\cells.cloud-sdk-php\integrationtests\CellsCloud30\AutoFilterControllerTest.php" line="410" assertions="1" time="5.373320"/>
      <testcase name="testDeleteWorksheetFilter" class="Aspose\Cells\Cloud\AutoFilterControllerTest" classname="Aspose.Cells.Cloud.AutoFilterControllerTest" file="D:\cells.cloud-sdk-php\integrationtests\CellsCloud30\AutoFilterControllerTest.php" line="440" assertions="1" time="4.818647"/>
    </testsuite>
    <testsuite name="Aspose\Cells\Cloud\BatchControllerTest" file="D:\cells.cloud-sdk-php\integrationtests\CellsCloud30\BatchControllerTest.php" tests="5" assertions="5" errors="0" warnings="0" failures="0" skipped="0" time="33.361863">
      <testcase name="testPostBatchConvert" class="Aspose\Cells\Cloud\BatchControllerTest" classname="Aspose.Cells.Cloud.BatchControllerTest" file="D:\cells.cloud-sdk-php\integrationtests\CellsCloud30\BatchControllerTest.php" line="53" assertions="1" time="7.036740"/>
      <testcase name="testPostBatchProtect" class="Aspose\Cells\Cloud\BatchControllerTest" classname="Aspose.Cells.Cloud.BatchControllerTest" file="D:\cells.cloud-sdk-php\integrationtests\CellsCloud30\BatchControllerTest.php" line="87" assertions="1" time="5.765422"/>
      <testcase name="testPostBatchLock" class="Aspose\Cells\Cloud\BatchControllerTest" classname="Aspose.Cells.Cloud.BatchControllerTest" file="D:\cells.cloud-sdk-php\integrationtests\CellsCloud30\BatchControllerTest.php" line="122" assertions="1" time="5.282522"/>
      <testcase name="testPostBatchUnlock" class="Aspose\Cells\Cloud\BatchControllerTest" classname="Aspose.Cells.Cloud.BatchControllerTest" file="D:\cells.cloud-sdk-php\integrationtests\CellsCloud30\BatchControllerTest.php" line="156" assertions="1" time="6.051647"/>
      <testcase name="testPostBatchSplit" class="Aspose\Cells\Cloud\BatchControllerTest" classname="Aspose.Cells.Cloud.BatchControllerTest" file="D:\cells.cloud-sdk-php\integrationtests\CellsCloud30\BatchControllerTest.php" line="190" assertions="1" time="9.225532"/>
    </testsuite>
    <testsuite name="Aspose\Cells\Cloud\CellsControllerTest" file="D:\cells.cloud-sdk-php\integrationtests\CellsCloud30\CellsControllerTest.php" tests="40" assertions="40" errors="0" warnings="0" failures="0" skipped="0" time="218.276399">
      <testcase name="testPostClearContents" class="Aspose\Cells\Cloud\CellsControllerTest" classname="Aspose.Cells.Cloud.CellsControllerTest" file="D:\cells.cloud-sdk-php\integrationtests\CellsCloud30\CellsControllerTest.php" line="88" assertions="1" time="4.466922"/>
      <testcase name="testPostClearFormats" class="Aspose\Cells\Cloud\CellsControllerTest" classname="Aspose.Cells.Cloud.CellsControllerTest" file="D:\cells.cloud-sdk-php\integrationtests\CellsCloud30\CellsControllerTest.php" line="120" assertions="1" time="5.529889"/>
      <testcase name="testPostUpdateWorksheetRangeStyle" class="Aspose\Cells\Cloud\CellsControllerTest" classname="Aspose.Cells.Cloud.CellsControllerTest" file="D:\cells.cloud-sdk-php\integrationtests\CellsCloud30\CellsControllerTest.php" line="152" assertions="1" time="5.239624"/>
      <testcase name="testPostWorksheetMerge" class="Aspose\Cells\Cloud\CellsControllerTest" classname="Aspose.Cells.Cloud.CellsControllerTest" file="D:\cells.cloud-sdk-php\integrationtests\CellsCloud30\CellsControllerTest.php" line="185" assertions="1" time="4.421984"/>
      <testcase name="testPostWorksheetUnmerge" class="Aspose\Cells\Cloud\CellsControllerTest" classname="Aspose.Cells.Cloud.CellsControllerTest" file="D:\cells.cloud-sdk-php\integrationtests\CellsCloud30\CellsControllerTest.php" line="216" assertions="1" time="6.412156"/>
      <testcase name="testGetWorksheetCells" class="Aspose\Cells\Cloud\CellsControllerTest" classname="Aspose.Cells.Cloud.CellsControllerTest" file="D:\cells.cloud-sdk-php\integrationtests\CellsCloud30\CellsControllerTest.php" line="247" assertions="1" time="3.874025"/>
      <testcase name="testGetWorksheetCell" class="Aspose\Cells\Cloud\CellsControllerTest" classname="Aspose.Cells.Cloud.CellsControllerTest" file="D:\cells.cloud-sdk-php\integrationtests\CellsCloud30\CellsControllerTest.php" line="276" assertions="1" time="25.300318"/>
      <testcase name="testGetWorksheetCellStyle" class="Aspose\Cells\Cloud\CellsControllerTest" classname="Aspose.Cells.Cloud.CellsControllerTest" file="D:\cells.cloud-sdk-php\integrationtests\CellsCloud30\CellsControllerTest.php" line="304" assertions="1" time="3.868584"/>
      <testcase name="testPostWorksheetCellSetValue" class="Aspose\Cells\Cloud\CellsControllerTest" classname="Aspose.Cells.Cloud.CellsControllerTest" file="D:\cells.cloud-sdk-php\integrationtests\CellsCloud30\CellsControllerTest.php" line="332" assertions="1" time="5.110554"/>
      <testcase name="testPostUpdateWorksheetCellStyle" class="Aspose\Cells\Cloud\CellsControllerTest" classname="Aspose.Cells.Cloud.CellsControllerTest" file="D:\cells.cloud-sdk-php\integrationtests\CellsCloud30\CellsControllerTest.php" line="362" assertions="1" time="5.055954"/>
      <testcase name="testPostSetCellRangeValue" class="Aspose\Cells\Cloud\CellsControllerTest" classname="Aspose.Cells.Cloud.CellsControllerTest" file="D:\cells.cloud-sdk-php\integrationtests\CellsCloud30\CellsControllerTest.php" line="395" assertions="1" time="4.724616"/>
      <testcase name="testPostCopyCellIntoCell" class="Aspose\Cells\Cloud\CellsControllerTest" classname="Aspose.Cells.Cloud.CellsControllerTest" file="D:\cells.cloud-sdk-php\integrationtests\CellsCloud30\CellsControllerTest.php" line="425" assertions="1" time="5.429358"/>
      <testcase name="testGetCellHtmlString" class="Aspose\Cells\Cloud\CellsControllerTest" classname="Aspose.Cells.Cloud.CellsControllerTest" file="D:\cells.cloud-sdk-php\integrationtests\CellsCloud30\CellsControllerTest.php" line="457" assertions="1" time="3.743676"/>
      <testcase name="testPostSetCellHtmlString" class="Aspose\Cells\Cloud\CellsControllerTest" classname="Aspose.Cells.Cloud.CellsControllerTest" file="D:\cells.cloud-sdk-php\integrationtests\CellsCloud30\CellsControllerTest.php" line="485" assertions="1" time="6.377569"/>
      <testcase name="testPostCellCalculate" class="Aspose\Cells\Cloud\CellsControllerTest" classname="Aspose.Cells.Cloud.CellsControllerTest" file="D:\cells.cloud-sdk-php\integrationtests\CellsCloud30\CellsControllerTest.php" line="513" assertions="1" time="4.402685"/>
      <testcase name="testPostCellCharacters" class="Aspose\Cells\Cloud\CellsControllerTest" classname="Aspose.Cells.Cloud.CellsControllerTest" file="D:\cells.cloud-sdk-php\integrationtests\CellsCloud30\CellsControllerTest.php" line="545" assertions="1" time="3.980668"/>
      <testcase name="testGetWorksheetColumns" class="Aspose\Cells\Cloud\CellsControllerTest" classname="Aspose.Cells.Cloud.CellsControllerTest" file="D:\cells.cloud-sdk-php\integrationtests\CellsCloud30\CellsControllerTest.php" line="584" assertions="1" time="5.107331"/>
      <testcase name="testPostSetWorksheetColumnWidth" class="Aspose\Cells\Cloud\CellsControllerTest" classname="Aspose.Cells.Cloud.CellsControllerTest" file="D:\cells.cloud-sdk-php\integrationtests\CellsCloud30\CellsControllerTest.php" line="613" assertions="1" time="4.303772"/>
      <testcase name="testGetWorksheetColumn" class="Aspose\Cells\Cloud\CellsControllerTest" classname="Aspose.Cells.Cloud.CellsControllerTest" file="D:\cells.cloud-sdk-php\integrationtests\CellsCloud30\CellsControllerTest.php" line="643" assertions="1" time="3.546874"/>
      <testcase name="testPutInsertWorksheetColumns" class="Aspose\Cells\Cloud\CellsControllerTest" classname="Aspose.Cells.Cloud.CellsControllerTest" file="D:\cells.cloud-sdk-php\integrationtests\CellsCloud30\CellsControllerTest.php" line="671" assertions="1" time="4.456581"/>
      <testcase name="testDeleteWorksheetColumns" class="Aspose\Cells\Cloud\CellsControllerTest" classname="Aspose.Cells.Cloud.CellsControllerTest" file="D:\cells.cloud-sdk-php\integrationtests\CellsCloud30\CellsControllerTest.php" line="701" assertions="1" time="6.312218"/>
      <testcase name="testPostHideWorksheetColumns" class="Aspose\Cells\Cloud\CellsControllerTest" classname="Aspose.Cells.Cloud.CellsControllerTest" file="D:\cells.cloud-sdk-php\integrationtests\CellsCloud30\CellsControllerTest.php" line="731" assertions="1" time="6.218181"/>
      <testcase name="testPostUnhideWorksheetColumns" class="Aspose\Cells\Cloud\CellsControllerTest" classname="Aspose.Cells.Cloud.CellsControllerTest" file="D:\cells.cloud-sdk-php\integrationtests\CellsCloud30\CellsControllerTest.php" line="760" assertions="1" time="5.445649"/>
      <testcase name="testPostGroupWorksheetColumns" class="Aspose\Cells\Cloud\CellsControllerTest" classname="Aspose.Cells.Cloud.CellsControllerTest" file="D:\cells.cloud-sdk-php\integrationtests\CellsCloud30\CellsControllerTest.php" line="790" assertions="1" time="5.014436"/>
      <testcase name="testPostUngroupWorksheetColumns" class="Aspose\Cells\Cloud\CellsControllerTest" classname="Aspose.Cells.Cloud.CellsControllerTest" file="D:\cells.cloud-sdk-php\integrationtests\CellsCloud30\CellsControllerTest.php" line="820" assertions="1" time="5.178978"/>
      <testcase name="testPostCopyWorksheetColumns" class="Aspose\Cells\Cloud\CellsControllerTest" classname="Aspose.Cells.Cloud.CellsControllerTest" file="D:\cells.cloud-sdk-php\integrationtests\CellsCloud30\CellsControllerTest.php" line="849" assertions="1" time="6.417215"/>
      <testcase name="testPostColumnStyle" class="Aspose\Cells\Cloud\CellsControllerTest" classname="Aspose.Cells.Cloud.CellsControllerTest" file="D:\cells.cloud-sdk-php\integrationtests\CellsCloud30\CellsControllerTest.php" line="880" assertions="1" time="4.967738"/>
      <testcase name="testGetWorksheetRows" class="Aspose\Cells\Cloud\CellsControllerTest" classname="Aspose.Cells.Cloud.CellsControllerTest" file="D:\cells.cloud-sdk-php\integrationtests\CellsCloud30\CellsControllerTest.php" line="913" assertions="1" time="3.418012"/>
      <testcase name="testGetWorksheetRow" class="Aspose\Cells\Cloud\CellsControllerTest" classname="Aspose.Cells.Cloud.CellsControllerTest" file="D:\cells.cloud-sdk-php\integrationtests\CellsCloud30\CellsControllerTest.php" line="942" assertions="1" time="4.674744"/>
      <testcase name="testDeleteWorksheetRow" class="Aspose\Cells\Cloud\CellsControllerTest" classname="Aspose.Cells.Cloud.CellsControllerTest" file="D:\cells.cloud-sdk-php\integrationtests\CellsCloud30\CellsControllerTest.php" line="970" assertions="1" time="4.447156"/>
      <testcase name="testDeleteWorksheetRows" class="Aspose\Cells\Cloud\CellsControllerTest" classname="Aspose.Cells.Cloud.CellsControllerTest" file="D:\cells.cloud-sdk-php\integrationtests\CellsCloud30\CellsControllerTest.php" line="998" assertions="1" time="5.427959"/>
      <testcase name="testPutInsertWorksheetRows" class="Aspose\Cells\Cloud\CellsControllerTest" classname="Aspose.Cells.Cloud.CellsControllerTest" file="D:\cells.cloud-sdk-php\integrationtests\CellsCloud30\CellsControllerTest.php" line="1028" assertions="1" time="4.660976"/>
      <testcase name="testPutInsertWorksheetRow" class="Aspose\Cells\Cloud\CellsControllerTest" classname="Aspose.Cells.Cloud.CellsControllerTest" file="D:\cells.cloud-sdk-php\integrationtests\CellsCloud30\CellsControllerTest.php" line="1058" assertions="1" time="4.176924"/>
      <testcase name="testPostUpdateWorksheetRow" class="Aspose\Cells\Cloud\CellsControllerTest" classname="Aspose.Cells.Cloud.CellsControllerTest" file="D:\cells.cloud-sdk-php\integrationtests\CellsCloud30\CellsControllerTest.php" line="1086" assertions="1" time="5.179873"/>
      <testcase name="testPostHideWorksheetRows" class="Aspose\Cells\Cloud\CellsControllerTest" classname="Aspose.Cells.Cloud.CellsControllerTest" file="D:\cells.cloud-sdk-php\integrationtests\CellsCloud30\CellsControllerTest.php" line="1116" assertions="1" time="4.270461"/>
      <testcase name="testPostUnhideWorksheetRows" class="Aspose\Cells\Cloud\CellsControllerTest" classname="Aspose.Cells.Cloud.CellsControllerTest" file="D:\cells.cloud-sdk-php\integrationtests\CellsCloud30\CellsControllerTest.php" line="1145" assertions="1" time="6.110388"/>
      <testcase name="testPostGroupWorksheetRows" class="Aspose\Cells\Cloud\CellsControllerTest" classname="Aspose.Cells.Cloud.CellsControllerTest" file="D:\cells.cloud-sdk-php\integrationtests\CellsCloud30\CellsControllerTest.php" line="1175" assertions="1" time="4.581249"/>
      <testcase name="testPostUngroupWorksheetRows" class="Aspose\Cells\Cloud\CellsControllerTest" classname="Aspose.Cells.Cloud.CellsControllerTest" file="D:\cells.cloud-sdk-php\integrationtests\CellsCloud30\CellsControllerTest.php" line="1205" assertions="1" time="4.886516"/>
      <testcase name="testPostCopyWorksheetRows" class="Aspose\Cells\Cloud\CellsControllerTest" classname="Aspose.Cells.Cloud.CellsControllerTest" file="D:\cells.cloud-sdk-php\integrationtests\CellsCloud30\CellsControllerTest.php" line="1235" assertions="1" time="5.677615"/>
      <testcase name="testPostRowStyle" class="Aspose\Cells\Cloud\CellsControllerTest" classname="Aspose.Cells.Cloud.CellsControllerTest" file="D:\cells.cloud-sdk-php\integrationtests\CellsCloud30\CellsControllerTest.php" line="1266" assertions="1" time="5.856971"/>
    </testsuite>
    <testsuite name="Aspose\Cells\Cloud\CellsStatusControllerTest" file="D:\cells.cloud-sdk-php\integrationtests\CellsCloud30\CellsStatusControllerTest.php" tests="1" assertions="1" errors="0" warnings="0" failures="0" skipped="0" time="3.431014">
      <testcase name="testGetCellsCloudServiceStatus" class="Aspose\Cells\Cloud\CellsStatusControllerTest" classname="Aspose.Cells.Cloud.CellsStatusControllerTest" file="D:\cells.cloud-sdk-php\integrationtests\CellsCloud30\CellsStatusControllerTest.php" line="49" assertions="1" time="3.431014"/>
    </testsuite>
    <testsuite name="Aspose\Cells\Cloud\ChartAreaControllerTest" file="D:\cells.cloud-sdk-php\integrationtests\CellsCloud30\ChartAreaControllerTest.php" tests="3" assertions="3" errors="0" warnings="0" failures="0" skipped="0" time="12.086630">
      <testcase name="testGetChartArea" class="Aspose\Cells\Cloud\ChartAreaControllerTest" classname="Aspose.Cells.Cloud.ChartAreaControllerTest" file="D:\cells.cloud-sdk-php\integrationtests\CellsCloud30\ChartAreaControllerTest.php" line="51" assertions="1" time="3.806656"/>
      <testcase name="testGetChartAreaFillFormat" class="Aspose\Cells\Cloud\ChartAreaControllerTest" classname="Aspose.Cells.Cloud.ChartAreaControllerTest" file="D:\cells.cloud-sdk-php\integrationtests\CellsCloud30\ChartAreaControllerTest.php" line="79" assertions="1" time="4.070042"/>
      <testcase name="testGetChartAreaBorder" class="Aspose\Cells\Cloud\ChartAreaControllerTest" classname="Aspose.Cells.Cloud.ChartAreaControllerTest" file="D:\cells.cloud-sdk-php\integrationtests\CellsCloud30\ChartAreaControllerTest.php" line="107" assertions="1" time="4.209932"/>
    </testsuite>
    <testsuite name="Aspose\Cells\Cloud\ChartsControllerTest" file="D:\cells.cloud-sdk-php\integrationtests\CellsCloud30\ChartsControllerTest.php" tests="14" assertions="14" errors="0" warnings="0" failures="0" skipped="0" time="68.686414">
      <testcase name="testGetWorksheetCharts" class="Aspose\Cells\Cloud\ChartsControllerTest" classname="Aspose.Cells.Cloud.ChartsControllerTest" file="D:\cells.cloud-sdk-php\integrationtests\CellsCloud30\ChartsControllerTest.php" line="62" assertions="1" time="3.510949"/>
      <testcase name="testGetWorksheetChart" class="Aspose\Cells\Cloud\ChartsControllerTest" classname="Aspose.Cells.Cloud.ChartsControllerTest" file="D:\cells.cloud-sdk-php\integrationtests\CellsCloud30\ChartsControllerTest.php" line="89" assertions="1" time="4.589231"/>
      <testcase name="testPutWorksheetChart" class="Aspose\Cells\Cloud\ChartsControllerTest" classname="Aspose.Cells.Cloud.ChartsControllerTest" file="D:\cells.cloud-sdk-php\integrationtests\CellsCloud30\ChartsControllerTest.php" line="118" assertions="1" time="4.327765"/>
      <testcase name="testDeleteWorksheetChart" class="Aspose\Cells\Cloud\ChartsControllerTest" classname="Aspose.Cells.Cloud.ChartsControllerTest" file="D:\cells.cloud-sdk-php\integrationtests\CellsCloud30\ChartsControllerTest.php" line="153" assertions="1" time="5.266052"/>
      <testcase name="testPostWorksheetChart" class="Aspose\Cells\Cloud\ChartsControllerTest" classname="Aspose.Cells.Cloud.ChartsControllerTest" file="D:\cells.cloud-sdk-php\integrationtests\CellsCloud30\ChartsControllerTest.php" line="181" assertions="1" time="6.059913"/>
      <testcase name="testGetWorksheetChartLegend" class="Aspose\Cells\Cloud\ChartsControllerTest" classname="Aspose.Cells.Cloud.ChartsControllerTest" file="D:\cells.cloud-sdk-php\integrationtests\CellsCloud30\ChartsControllerTest.php" line="213" assertions="1" time="4.232573"/>
      <testcase name="testPostWorksheetChartLegend" class="Aspose\Cells\Cloud\ChartsControllerTest" classname="Aspose.Cells.Cloud.ChartsControllerTest" file="D:\cells.cloud-sdk-php\integrationtests\CellsCloud30\ChartsControllerTest.php" line="241" assertions="1" time="4.668248"/>
      <testcase name="testPutWorksheetChartLegend" class="Aspose\Cells\Cloud\ChartsControllerTest" classname="Aspose.Cells.Cloud.ChartsControllerTest" file="D:\cells.cloud-sdk-php\integrationtests\CellsCloud30\ChartsControllerTest.php" line="272" assertions="1" time="4.487757"/>
      <testcase name="testDeleteWorksheetChartLegend" class="Aspose\Cells\Cloud\ChartsControllerTest" classname="Aspose.Cells.Cloud.ChartsControllerTest" file="D:\cells.cloud-sdk-php\integrationtests\CellsCloud30\ChartsControllerTest.php" line="300" assertions="1" time="4.932780"/>
      <testcase name="testDeleteWorksheetCharts" class="Aspose\Cells\Cloud\ChartsControllerTest" classname="Aspose.Cells.Cloud.ChartsControllerTest" file="D:\cells.cloud-sdk-php\integrationtests\CellsCloud30\ChartsControllerTest.php" line="328" assertions="1" time="4.987504"/>
      <testcase name="testGetWorksheetChartTitle" class="Aspose\Cells\Cloud\ChartsControllerTest" classname="Aspose.Cells.Cloud.ChartsControllerTest" file="D:\cells.cloud-sdk-php\integrationtests\CellsCloud30\ChartsControllerTest.php" line="355" assertions="1" time="5.457597"/>
      <testcase name="testPostWorksheetChartTitle" class="Aspose\Cells\Cloud\ChartsControllerTest" classname="Aspose.Cells.Cloud.ChartsControllerTest" file="D:\cells.cloud-sdk-php\integrationtests\CellsCloud30\ChartsControllerTest.php" line="383" assertions="1" time="4.376466"/>
      <testcase name="testPutWorksheetChartTitle" class="Aspose\Cells\Cloud\ChartsControllerTest" classname="Aspose.Cells.Cloud.ChartsControllerTest" file="D:\cells.cloud-sdk-php\integrationtests\CellsCloud30\ChartsControllerTest.php" line="414" assertions="1" time="6.872887"/>
      <testcase name="testDeleteWorksheetChartTitle" class="Aspose\Cells\Cloud\ChartsControllerTest" classname="Aspose.Cells.Cloud.ChartsControllerTest" file="D:\cells.cloud-sdk-php\integrationtests\CellsCloud30\ChartsControllerTest.php" line="445" assertions="1" time="4.916692"/>
    </testsuite>
    <testsuite name="Aspose\Cells\Cloud\ConditionalFormattingsControllerTest" file="D:\cells.cloud-sdk-php\integrationtests\CellsCloud30\ConditionalFormattingsControllerTest.php" tests="9" assertions="9" errors="0" warnings="0" failures="0" skipped="0" time="36.168012">
      <testcase name="testGetWorksheetConditionalFormattings" class="Aspose\Cells\Cloud\ConditionalFormattingsControllerTest" classname="Aspose.Cells.Cloud.ConditionalFormattingsControllerTest" file="D:\cells.cloud-sdk-php\integrationtests\CellsCloud30\ConditionalFormattingsControllerTest.php" line="57" assertions="1" time="3.864380"/>
      <testcase name="testGetWorksheetConditionalFormatting" class="Aspose\Cells\Cloud\ConditionalFormattingsControllerTest" classname="Aspose.Cells.Cloud.ConditionalFormattingsControllerTest" file="D:\cells.cloud-sdk-php\integrationtests\CellsCloud30\ConditionalFormattingsControllerTest.php" line="84" assertions="1" time="3.348986"/>
      <testcase name="testPutWorksheetConditionalFormatting" class="Aspose\Cells\Cloud\ConditionalFormattingsControllerTest" classname="Aspose.Cells.Cloud.ConditionalFormattingsControllerTest" file="D:\cells.cloud-sdk-php\integrationtests\CellsCloud30\ConditionalFormattingsControllerTest.php" line="112" assertions="1" time="4.051166"/>
      <testcase name="testPutWorksheetFormatCondition" class="Aspose\Cells\Cloud\ConditionalFormattingsControllerTest" classname="Aspose.Cells.Cloud.ConditionalFormattingsControllerTest" file="D:\cells.cloud-sdk-php\integrationtests\CellsCloud30\ConditionalFormattingsControllerTest.php" line="146" assertions="1" time="3.851542"/>
      <testcase name="testPutWorksheetFormatConditionArea" class="Aspose\Cells\Cloud\ConditionalFormattingsControllerTest" classname="Aspose.Cells.Cloud.ConditionalFormattingsControllerTest" file="D:\cells.cloud-sdk-php\integrationtests\CellsCloud30\ConditionalFormattingsControllerTest.php" line="179" assertions="1" time="3.967032"/>
      <testcase name="testPutWorksheetFormatConditionCondition" class="Aspose\Cells\Cloud\ConditionalFormattingsControllerTest" classname="Aspose.Cells.Cloud.ConditionalFormattingsControllerTest" file="D:\cells.cloud-sdk-php\integrationtests\CellsCloud30\ConditionalFormattingsControllerTest.php" line="208" assertions="1" time="4.845234"/>
      <testcase name="testDeleteWorksheetConditionalFormattings" class="Aspose\Cells\Cloud\ConditionalFormattingsControllerTest" classname="Aspose.Cells.Cloud.ConditionalFormattingsControllerTest" file="D:\cells.cloud-sdk-php\integrationtests\CellsCloud30\ConditionalFormattingsControllerTest.php" line="240" assertions="1" time="4.086266"/>
      <testcase name="testDeleteWorksheetConditionalFormatting" class="Aspose\Cells\Cloud\ConditionalFormattingsControllerTest" classname="Aspose.Cells.Cloud.ConditionalFormattingsControllerTest" file="D:\cells.cloud-sdk-php\integrationtests\CellsCloud30\ConditionalFormattingsControllerTest.php" line="267" assertions="1" time="3.862992"/>
      <testcase name="testDeleteWorksheetConditionalFormattingArea" class="Aspose\Cells\Cloud\ConditionalFormattingsControllerTest" classname="Aspose.Cells.Cloud.ConditionalFormattingsControllerTest" file="D:\cells.cloud-sdk-php\integrationtests\CellsCloud30\ConditionalFormattingsControllerTest.php" line="295" assertions="1" time="4.290414"/>
    </testsuite>
    <testsuite name="Aspose\Cells\Cloud\Conversion30Test" file="D:\cells.cloud-sdk-php\integrationtests\CellsCloud30\Conversion30Test.php" tests="70" assertions="70" errors="0" warnings="0" failures="0" skipped="0" time="322.698092">
      <testcase name="testWorkbookSaveAs_csv_OutResultPostExcelSaveAscsv" class="Aspose\Cells\Cloud\Conversion30Test" classname="Aspose.Cells.Cloud.Conversion30Test" file="D:\cells.cloud-sdk-php\integrationtests\CellsCloud30\Conversion30Test.php" line="51" assertions="1" time="4.012249"/>
      <testcase name="testWorkbookSaveAs_html_OutResultPostExcelSaveAshtml" class="Aspose\Cells\Cloud\Conversion30Test" classname="Aspose.Cells.Cloud.Conversion30Test" file="D:\cells.cloud-sdk-php\integrationtests\CellsCloud30\Conversion30Test.php" line="82" assertions="1" time="4.676351"/>
      <testcase name="testWorkbookSaveAs_mhtml_OutResultPostExcelSaveAsmhtml" class="Aspose\Cells\Cloud\Conversion30Test" classname="Aspose.Cells.Cloud.Conversion30Test" file="D:\cells.cloud-sdk-php\integrationtests\CellsCloud30\Conversion30Test.php" line="113" assertions="1" time="5.140674"/>
      <testcase name="testWorkbookSaveAs_ods_OutResultPostExcelSaveAsods" class="Aspose\Cells\Cloud\Conversion30Test" classname="Aspose.Cells.Cloud.Conversion30Test" file="D:\cells.cloud-sdk-php\integrationtests\CellsCloud30\Conversion30Test.php" line="144" assertions="1" time="3.848361"/>
      <testcase name="testWorkbookSaveAs_pdf_OutResultPostExcelSaveAspdf" class="Aspose\Cells\Cloud\Conversion30Test" classname="Aspose.Cells.Cloud.Conversion30Test" file="D:\cells.cloud-sdk-php\integrationtests\CellsCloud30\Conversion30Test.php" line="175" assertions="1" time="5.306519"/>
      <testcase name="testWorkbookSaveAs_xml_OutResultPostExcelSaveAsxml" class="Aspose\Cells\Cloud\Conversion30Test" classname="Aspose.Cells.Cloud.Conversion30Test" file="D:\cells.cloud-sdk-php\integrationtests\CellsCloud30\Conversion30Test.php" line="206" assertions="1" time="3.434135"/>
      <testcase name="testWorkbookSaveAs_txt_OutResultPostExcelSaveAstxt" class="Aspose\Cells\Cloud\Conversion30Test" classname="Aspose.Cells.Cloud.Conversion30Test" file="D:\cells.cloud-sdk-php\integrationtests\CellsCloud30\Conversion30Test.php" line="237" assertions="1" time="3.564458"/>
      <testcase name="testWorkbookSaveAs_tif_OutResultPostExcelSaveAstif" class="Aspose\Cells\Cloud\Conversion30Test" classname="Aspose.Cells.Cloud.Conversion30Test" file="D:\cells.cloud-sdk-php\integrationtests\CellsCloud30\Conversion30Test.php" line="268" assertions="1" time="4.822828"/>
      <testcase name="testWorkbookSaveAs_xlsb_OutResultPostExcelSaveAsxlsb" class="Aspose\Cells\Cloud\Conversion30Test" classname="Aspose.Cells.Cloud.Conversion30Test" file="D:\cells.cloud-sdk-php\integrationtests\CellsCloud30\Conversion30Test.php" line="299" assertions="1" time="4.286049"/>
      <testcase name="testWorkbookSaveAs_xps_OutResultPostExcelSaveAsxps" class="Aspose\Cells\Cloud\Conversion30Test" classname="Aspose.Cells.Cloud.Conversion30Test" file="D:\cells.cloud-sdk-php\integrationtests\CellsCloud30\Conversion30Test.php" line="330" assertions="1" time="5.328432"/>
      <testcase name="testWorkbookSaveAs_png_OutResultPostExcelSaveAspng" class="Aspose\Cells\Cloud\Conversion30Test" classname="Aspose.Cells.Cloud.Conversion30Test" file="D:\cells.cloud-sdk-php\integrationtests\CellsCloud30\Conversion30Test.php" line="361" assertions="1" time="4.774258"/>
      <testcase name="testWorkbookSaveAs_md_OutResultPostExcelSaveAsmd" class="Aspose\Cells\Cloud\Conversion30Test" classname="Aspose.Cells.Cloud.Conversion30Test" file="D:\cells.cloud-sdk-php\integrationtests\CellsCloud30\Conversion30Test.php" line="392" assertions="1" time="4.105866"/>
      <testcase name="testWorkbookSaveAs_svg_OutResultPostExcelSaveAssvg" class="Aspose\Cells\Cloud\Conversion30Test" classname="Aspose.Cells.Cloud.Conversion30Test" file="D:\cells.cloud-sdk-php\integrationtests\CellsCloud30\Conversion30Test.php" line="423" assertions="1" time="4.253871"/>
      <testcase name="testWorkbookSaveAs_docx_OutResultPostExcelSaveAsdocx" class="Aspose\Cells\Cloud\Conversion30Test" classname="Aspose.Cells.Cloud.Conversion30Test" file="D:\cells.cloud-sdk-php\integrationtests\CellsCloud30\Conversion30Test.php" line="454" assertions="1" time="4.369634"/>
      <testcase name="testWorkbookSaveAs_pptx_OutResultPostExcelSaveAspptx" class="Aspose\Cells\Cloud\Conversion30Test" classname="Aspose.Cells.Cloud.Conversion30Test" file="D:\cells.cloud-sdk-php\integrationtests\CellsCloud30\Conversion30Test.php" line="485" assertions="1" time="3.752998"/>
      <testcase name="testWorkbookSaveAs_json_OutResultPostExcelSaveAsjson" class="Aspose\Cells\Cloud\Conversion30Test" classname="Aspose.Cells.Cloud.Conversion30Test" file="D:\cells.cloud-sdk-php\integrationtests\CellsCloud30\Conversion30Test.php" line="516" assertions="1" time="3.466365"/>
      <testcase name="testWorkbookSaveAs_sql_OutResultPostExcelSaveAssql" class="Aspose\Cells\Cloud\Conversion30Test" classname="Aspose.Cells.Cloud.Conversion30Test" file="D:\cells.cloud-sdk-php\integrationtests\CellsCloud30\Conversion30Test.php" line="547" assertions="1" time="5.099384"/>
      <testcase name="testGetWorkbookFormat_csv" class="Aspose\Cells\Cloud\Conversion30Test" classname="Aspose.Cells.Cloud.Conversion30Test" file="D:\cells.cloud-sdk-php\integrationtests\CellsCloud30\Conversion30Test.php" line="578" assertions="1" time="4.496025"/>
      <testcase name="testGetWorkbookFormat_html" class="Aspose\Cells\Cloud\Conversion30Test" classname="Aspose.Cells.Cloud.Conversion30Test" file="D:\cells.cloud-sdk-php\integrationtests\CellsCloud30\Conversion30Test.php" line="605" assertions="1" time="10.320390"/>
      <testcase name="testGetWorkbookFormat_mhtml" class="Aspose\Cells\Cloud\Conversion30Test" classname="Aspose.Cells.Cloud.Conversion30Test" file="D:\cells.cloud-sdk-php\integrationtests\CellsCloud30\Conversion30Test.php" line="632" assertions="1" time="5.833252"/>
      <testcase name="testGetWorkbookFormat_ods" class="Aspose\Cells\Cloud\Conversion30Test" classname="Aspose.Cells.Cloud.Conversion30Test" file="D:\cells.cloud-sdk-php\integrationtests\CellsCloud30\Conversion30Test.php" line="659" assertions="1" time="3.870082"/>
      <testcase name="testGetWorkbookFormat_pdf" class="Aspose\Cells\Cloud\Conversion30Test" classname="Aspose.Cells.Cloud.Conversion30Test" file="D:\cells.cloud-sdk-php\integrationtests\CellsCloud30\Conversion30Test.php" line="686" assertions="1" time="7.613022"/>
      <testcase name="testGetWorkbookFormat_xml" class="Aspose\Cells\Cloud\Conversion30Test" classname="Aspose.Cells.Cloud.Conversion30Test" file="D:\cells.cloud-sdk-php\integrationtests\CellsCloud30\Conversion30Test.php" line="713" assertions="1" time="5.947156"/>
      <testcase name="testGetWorkbookFormat_txt" class="Aspose\Cells\Cloud\Conversion30Test" classname="Aspose.Cells.Cloud.Conversion30Test" file="D:\cells.cloud-sdk-php\integrationtests\CellsCloud30\Conversion30Test.php" line="740" assertions="1" time="3.615177"/>
      <testcase name="testGetWorkbookFormat_tif" class="Aspose\Cells\Cloud\Conversion30Test" classname="Aspose.Cells.Cloud.Conversion30Test" file="D:\cells.cloud-sdk-php\integrationtests\CellsCloud30\Conversion30Test.php" line="767" assertions="1" time="6.562357"/>
      <testcase name="testGetWorkbookFormat_xps" class="Aspose\Cells\Cloud\Conversion30Test" classname="Aspose.Cells.Cloud.Conversion30Test" file="D:\cells.cloud-sdk-php\integrationtests\CellsCloud30\Conversion30Test.php" line="794" assertions="1" time="6.089343"/>
      <testcase name="testGetWorkbookFormat_png" class="Aspose\Cells\Cloud\Conversion30Test" classname="Aspose.Cells.Cloud.Conversion30Test" file="D:\cells.cloud-sdk-php\integrationtests\CellsCloud30\Conversion30Test.php" line="821" assertions="1" time="5.490262"/>
      <testcase name="testGetWorkbookFormat_md" class="Aspose\Cells\Cloud\Conversion30Test" classname="Aspose.Cells.Cloud.Conversion30Test" file="D:\cells.cloud-sdk-php\integrationtests\CellsCloud30\Conversion30Test.php" line="848" assertions="1" time="7.097138"/>
      <testcase name="testGetWorkbookFormat_svg" class="Aspose\Cells\Cloud\Conversion30Test" classname="Aspose.Cells.Cloud.Conversion30Test" file="D:\cells.cloud-sdk-php\integrationtests\CellsCloud30\Conversion30Test.php" line="875" assertions="1" time="5.459968"/>
      <testcase name="testGetWorkbookFormat_docx" class="Aspose\Cells\Cloud\Conversion30Test" classname="Aspose.Cells.Cloud.Conversion30Test" file="D:\cells.cloud-sdk-php\integrationtests\CellsCloud30\Conversion30Test.php" line="902" assertions="1" time="8.448546"/>
      <testcase name="testGetWorkbookFormat_pptx" class="Aspose\Cells\Cloud\Conversion30Test" classname="Aspose.Cells.Cloud.Conversion30Test" file="D:\cells.cloud-sdk-php\integrationtests\CellsCloud30\Conversion30Test.php" line="929" assertions="1" time="5.526006"/>
      <testcase name="testGetWorkbookFormat_json" class="Aspose\Cells\Cloud\Conversion30Test" classname="Aspose.Cells.Cloud.Conversion30Test" file="D:\cells.cloud-sdk-php\integrationtests\CellsCloud30\Conversion30Test.php" line="956" assertions="1" time="3.512482"/>
      <testcase name="testGetWorkbookFormat_sql" class="Aspose\Cells\Cloud\Conversion30Test" classname="Aspose.Cells.Cloud.Conversion30Test" file="D:\cells.cloud-sdk-php\integrationtests\CellsCloud30\Conversion30Test.php" line="983" assertions="1" time="5.333255"/>
      <testcase name="testConvertWorkbook_csv" class="Aspose\Cells\Cloud\Conversion30Test" classname="Aspose.Cells.Cloud.Conversion30Test" file="D:\cells.cloud-sdk-php\integrationtests\CellsCloud30\Conversion30Test.php" line="1010" assertions="1" time="1.737859"/>
      <testcase name="testConvertWorkbook_xls" class="Aspose\Cells\Cloud\Conversion30Test" classname="Aspose.Cells.Cloud.Conversion30Test" file="D:\cells.cloud-sdk-php\integrationtests\CellsCloud30\Conversion30Test.php" line="1035" assertions="1" time="3.495985"/>
      <testcase name="testConvertWorkbook_html" class="Aspose\Cells\Cloud\Conversion30Test" classname="Aspose.Cells.Cloud.Conversion30Test" file="D:\cells.cloud-sdk-php\integrationtests\CellsCloud30\Conversion30Test.php" line="1060" assertions="1" time="2.197947"/>
      <testcase name="testConvertWorkbook_mhtml" class="Aspose\Cells\Cloud\Conversion30Test" classname="Aspose.Cells.Cloud.Conversion30Test" file="D:\cells.cloud-sdk-php\integrationtests\CellsCloud30\Conversion30Test.php" line="1085" assertions="1" time="6.837252"/>
      <testcase name="testConvertWorkbook_ods" class="Aspose\Cells\Cloud\Conversion30Test" classname="Aspose.Cells.Cloud.Conversion30Test" file="D:\cells.cloud-sdk-php\integrationtests\CellsCloud30\Conversion30Test.php" line="1110" assertions="1" time="9.564046"/>
      <testcase name="testConvertWorkbook_pdf" class="Aspose\Cells\Cloud\Conversion30Test" classname="Aspose.Cells.Cloud.Conversion30Test" file="D:\cells.cloud-sdk-php\integrationtests\CellsCloud30\Conversion30Test.php" line="1135" assertions="1" time="10.397726"/>
      <testcase name="testConvertWorkbook_xml" class="Aspose\Cells\Cloud\Conversion30Test" classname="Aspose.Cells.Cloud.Conversion30Test" file="D:\cells.cloud-sdk-php\integrationtests\CellsCloud30\Conversion30Test.php" line="1160" assertions="1" time="2.122238"/>
      <testcase name="testConvertWorkbook_txt" class="Aspose\Cells\Cloud\Conversion30Test" classname="Aspose.Cells.Cloud.Conversion30Test" file="D:\cells.cloud-sdk-php\integrationtests\CellsCloud30\Conversion30Test.php" line="1185" assertions="1" time="1.905308"/>
      <testcase name="testConvertWorkbook_tif" class="Aspose\Cells\Cloud\Conversion30Test" classname="Aspose.Cells.Cloud.Conversion30Test" file="D:\cells.cloud-sdk-php\integrationtests\CellsCloud30\Conversion30Test.php" line="1210" assertions="1" time="4.279293"/>
      <testcase name="testConvertWorkbook_xlsb" class="Aspose\Cells\Cloud\Conversion30Test" classname="Aspose.Cells.Cloud.Conversion30Test" file="D:\cells.cloud-sdk-php\integrationtests\CellsCloud30\Conversion30Test.php" line="1235" assertions="1" time="4.132621"/>
      <testcase name="testConvertWorkbook_xps" class="Aspose\Cells\Cloud\Conversion30Test" classname="Aspose.Cells.Cloud.Conversion30Test" file="D:\cells.cloud-sdk-php\integrationtests\CellsCloud30\Conversion30Test.php" line="1260" assertions="1" time="6.461371"/>
      <testcase name="testConvertWorkbook_png" class="Aspose\Cells\Cloud\Conversion30Test" classname="Aspose.Cells.Cloud.Conversion30Test" file="D:\cells.cloud-sdk-php\integrationtests\CellsCloud30\Conversion30Test.php" line="1285" assertions="1" time="18.148362"/>
      <testcase name="testConvertWorkbook_md" class="Aspose\Cells\Cloud\Conversion30Test" classname="Aspose.Cells.Cloud.Conversion30Test" file="D:\cells.cloud-sdk-php\integrationtests\CellsCloud30\Conversion30Test.php" line="1310" assertions="1" time="3.200900"/>
      <testcase name="testConvertWorkbook_svg" class="Aspose\Cells\Cloud\Conversion30Test" classname="Aspose.Cells.Cloud.Conversion30Test" file="D:\cells.cloud-sdk-php\integrationtests\CellsCloud30\Conversion30Test.php" line="1335" assertions="1" time="2.106209"/>
      <testcase name="testConvertWorkbook_docx" class="Aspose\Cells\Cloud\Conversion30Test" classname="Aspose.Cells.Cloud.Conversion30Test" file="D:\cells.cloud-sdk-php\integrationtests\CellsCloud30\Conversion30Test.php" line="1360" assertions="1" time="3.558106"/>
      <testcase name="testConvertWorkbook_pptx" class="Aspose\Cells\Cloud\Conversion30Test" classname="Aspose.Cells.Cloud.Conversion30Test" file="D:\cells.cloud-sdk-php\integrationtests\CellsCloud30\Conversion30Test.php" line="1385" assertions="1" time="6.684630"/>
      <testcase name="testConvertWorkbook_json" class="Aspose\Cells\Cloud\Conversion30Test" classname="Aspose.Cells.Cloud.Conversion30Test" file="D:\cells.cloud-sdk-php\integrationtests\CellsCloud30\Conversion30Test.php" line="1410" assertions="1" time="2.060322"/>
      <testcase name="testConvertWorkbook_sql" class="Aspose\Cells\Cloud\Conversion30Test" classname="Aspose.Cells.Cloud.Conversion30Test" file="D:\cells.cloud-sdk-php\integrationtests\CellsCloud30\Conversion30Test.php" line="1435" assertions="1" time="2.510772"/>
      <testcase name="testConvertWorkbookSaveCloud_csv_OutResultConvertWorkbookcsv" class="Aspose\Cells\Cloud\Conversion30Test" classname="Aspose.Cells.Cloud.Conversion30Test" file="D:\cells.cloud-sdk-php\integrationtests\CellsCloud30\Conversion30Test.php" line="1460" assertions="1" time="3.112209"/>
      <testcase name="testConvertWorkbookSaveCloud_xls_OutResultConvertWorkbookxls" class="Aspose\Cells\Cloud\Conversion30Test" classname="Aspose.Cells.Cloud.Conversion30Test" file="D:\cells.cloud-sdk-php\integrationtests\CellsCloud30\Conversion30Test.php" line="1487" assertions="1" time="3.869441"/>
      <testcase name="testConvertWorkbookSaveCloud_html_OutResultConvertWorkbookhtml" class="Aspose\Cells\Cloud\Conversion30Test" classname="Aspose.Cells.Cloud.Conversion30Test" file="D:\cells.cloud-sdk-php\integrationtests\CellsCloud30\Conversion30Test.php" line="1514" assertions="1" time="2.846240"/>
      <testcase name="testConvertWorkbookSaveCloud_mhtml_OutResultConvertWorkbookmhtml" class="Aspose\Cells\Cloud\Conversion30Test" classname="Aspose.Cells.Cloud.Conversion30Test" file="D:\cells.cloud-sdk-php\integrationtests\CellsCloud30\Conversion30Test.php" line="1541" assertions="1" time="2.153387"/>
      <testcase name="testConvertWorkbookSaveCloud_ods_OutResultConvertWorkbookods" class="Aspose\Cells\Cloud\Conversion30Test" classname="Aspose.Cells.Cloud.Conversion30Test" file="D:\cells.cloud-sdk-php\integrationtests\CellsCloud30\Conversion30Test.php" line="1568" assertions="1" time="2.949679"/>
      <testcase name="testConvertWorkbookSaveCloud_pdf_OutResultConvertWorkbookpdf" class="Aspose\Cells\Cloud\Conversion30Test" classname="Aspose.Cells.Cloud.Conversion30Test" file="D:\cells.cloud-sdk-php\integrationtests\CellsCloud30\Conversion30Test.php" line="1595" assertions="1" time="3.607119"/>
      <testcase name="testConvertWorkbookSaveCloud_xml_OutResultConvertWorkbookxml" class="Aspose\Cells\Cloud\Conversion30Test" classname="Aspose.Cells.Cloud.Conversion30Test" file="D:\cells.cloud-sdk-php\integrationtests\CellsCloud30\Conversion30Test.php" line="1622" assertions="1" time="2.789845"/>
      <testcase name="testConvertWorkbookSaveCloud_txt_OutResultConvertWorkbooktxt" class="Aspose\Cells\Cloud\Conversion30Test" classname="Aspose.Cells.Cloud.Conversion30Test" file="D:\cells.cloud-sdk-php\integrationtests\CellsCloud30\Conversion30Test.php" line="1649" assertions="1" time="2.527157"/>
      <testcase name="testConvertWorkbookSaveCloud_tif_OutResultConvertWorkbooktif" class="Aspose\Cells\Cloud\Conversion30Test" classname="Aspose.Cells.Cloud.Conversion30Test" file="D:\cells.cloud-sdk-php\integrationtests\CellsCloud30\Conversion30Test.php" line="1676" assertions="1" time="4.065908"/>
      <testcase name="testConvertWorkbookSaveCloud_xlsb_OutResultConvertWorkbookxlsb" class="Aspose\Cells\Cloud\Conversion30Test" classname="Aspose.Cells.Cloud.Conversion30Test" file="D:\cells.cloud-sdk-php\integrationtests\CellsCloud30\Conversion30Test.php" line="1703" assertions="1" time="4.143251"/>
      <testcase name="testConvertWorkbookSaveCloud_xltm_OutResultConvertWorkbookxltm" class="Aspose\Cells\Cloud\Conversion30Test" classname="Aspose.Cells.Cloud.Conversion30Test" file="D:\cells.cloud-sdk-php\integrationtests\CellsCloud30\Conversion30Test.php" line="1730" assertions="1" time="3.192118"/>
      <testcase name="testConvertWorkbookSaveCloud_xps_OutResultConvertWorkbookxps" class="Aspose\Cells\Cloud\Conversion30Test" classname="Aspose.Cells.Cloud.Conversion30Test" file="D:\cells.cloud-sdk-php\integrationtests\CellsCloud30\Conversion30Test.php" line="1757" assertions="1" time="4.805485"/>
      <testcase name="testConvertWorkbookSaveCloud_png_OutResultConvertWorkbookpng" class="Aspose\Cells\Cloud\Conversion30Test" classname="Aspose.Cells.Cloud.Conversion30Test" file="D:\cells.cloud-sdk-php\integrationtests\CellsCloud30\Conversion30Test.php" line="1784" assertions="1" time="3.297777"/>
      <testcase name="testConvertWorkbookSaveCloud_md_OutResultConvertWorkbookmd" class="Aspose\Cells\Cloud\Conversion30Test" classname="Aspose.Cells.Cloud.Conversion30Test" file="D:\cells.cloud-sdk-php\integrationtests\CellsCloud30\Conversion30Test.php" line="1811" assertions="1" time="2.471000"/>
      <testcase name="testConvertWorkbookSaveCloud_svg_OutResultConvertWorkbooksvg" class="Aspose\Cells\Cloud\Conversion30Test" classname="Aspose.Cells.Cloud.Conversion30Test" file="D:\cells.cloud-sdk-php\integrationtests\CellsCloud30\Conversion30Test.php" line="1838" assertions="1" time="2.366288"/>
      <testcase name="testConvertWorkbookSaveCloud_docx_OutResultConvertWorkbookdocx" class="Aspose\Cells\Cloud\Conversion30Test" classname="Aspose.Cells.Cloud.Conversion30Test" file="D:\cells.cloud-sdk-php\integrationtests\CellsCloud30\Conversion30Test.php" line="1865" assertions="1" time="3.913405"/>
      <testcase name="testConvertWorkbookSaveCloud_pptx_OutResultConvertWorkbookpptx" class="Aspose\Cells\Cloud\Conversion30Test" classname="Aspose.Cells.Cloud.Conversion30Test" file="D:\cells.cloud-sdk-php\integrationtests\CellsCloud30\Conversion30Test.php" line="1892" assertions="1" time="3.065868"/>
      <testcase name="testConvertWorkbookSaveCloud_json_OutResultConvertWorkbookjson" class="Aspose\Cells\Cloud\Conversion30Test" classname="Aspose.Cells.Cloud.Conversion30Test" file="D:\cells.cloud-sdk-php\integrationtests\CellsCloud30\Conversion30Test.php" line="1919" assertions="1" time="3.876091"/>
      <testcase name="testConvertWorkbookSaveCloud_sql_OutResultConvertWorkbooksql" class="Aspose\Cells\Cloud\Conversion30Test" classname="Aspose.Cells.Cloud.Conversion30Test" file="D:\cells.cloud-sdk-php\integrationtests\CellsCloud30\Conversion30Test.php" line="1946" assertions="1" time="2.787985"/>
    </testsuite>
    <testsuite name="Aspose\Cells\Cloud\DataProcessingControllerTest" file="D:\cells.cloud-sdk-php\integrationtests\CellsCloud30\DataProcessingControllerTest.php" tests="4" assertions="4" errors="0" warnings="0" failures="0" skipped="0" time="11.218035">
      <testcase name="testPostWorkbookDataCleansing" class="Aspose\Cells\Cloud\DataProcessingControllerTest" classname="Aspose.Cells.Cloud.DataProcessingControllerTest" file="D:\cells.cloud-sdk-php\integrationtests\CellsCloud30\DataProcessingControllerTest.php" line="52" assertions="1" time="2.743640"/>
      <testcase name="testPostWorkbookDataDeduplication" class="Aspose\Cells\Cloud\DataProcessingControllerTest" classname="Aspose.Cells.Cloud.DataProcessingControllerTest" file="D:\cells.cloud-sdk-php\integrationtests\CellsCloud30\DataProcessingControllerTest.php" line="88" assertions="1" time="2.701502"/>
      <testcase name="testPostWorkbookDataFill" class="Aspose\Cells\Cloud\DataProcessingControllerTest" classname="Aspose.Cells.Cloud.DataProcessingControllerTest" file="D:\cells.cloud-sdk-php\integrationtests\CellsCloud30\DataProcessingControllerTest.php" line="119" assertions="1" time="2.972376"/>
      <testcase name="testPostDataTransformation" class="Aspose\Cells\Cloud\DataProcessingControllerTest" classname="Aspose.Cells.Cloud.DataProcessingControllerTest" file="D:\cells.cloud-sdk-php\integrationtests\CellsCloud30\DataProcessingControllerTest.php" line="152" assertions="1" time="2.800517"/>
    </testsuite>
    <testsuite name="Aspose\Cells\Cloud\HypelinksControllerTest" file="D:\cells.cloud-sdk-php\integrationtests\CellsCloud30\HypelinksControllerTest.php" tests="6" assertions="6" errors="0" warnings="0" failures="0" skipped="0" time="26.950779">
      <testcase name="testGetWorksheetHyperlinks" class="Aspose\Cells\Cloud\HypelinksControllerTest" classname="Aspose.Cells.Cloud.HypelinksControllerTest" file="D:\cells.cloud-sdk-php\integrationtests\CellsCloud30\HypelinksControllerTest.php" line="54" assertions="1" time="3.290019"/>
      <testcase name="testGetWorksheetHyperlink" class="Aspose\Cells\Cloud\HypelinksControllerTest" classname="Aspose.Cells.Cloud.HypelinksControllerTest" file="D:\cells.cloud-sdk-php\integrationtests\CellsCloud30\HypelinksControllerTest.php" line="81" assertions="1" time="5.054343"/>
      <testcase name="testDeleteWorksheetHyperlink" class="Aspose\Cells\Cloud\HypelinksControllerTest" classname="Aspose.Cells.Cloud.HypelinksControllerTest" file="D:\cells.cloud-sdk-php\integrationtests\CellsCloud30\HypelinksControllerTest.php" line="109" assertions="1" time="4.797816"/>
      <testcase name="testPostWorksheetHyperlink" class="Aspose\Cells\Cloud\HypelinksControllerTest" classname="Aspose.Cells.Cloud.HypelinksControllerTest" file="D:\cells.cloud-sdk-php\integrationtests\CellsCloud30\HypelinksControllerTest.php" line="137" assertions="1" time="4.186521"/>
      <testcase name="testPutWorksheetHyperlink" class="Aspose\Cells\Cloud\HypelinksControllerTest" classname="Aspose.Cells.Cloud.HypelinksControllerTest" file="D:\cells.cloud-sdk-php\integrationtests\CellsCloud30\HypelinksControllerTest.php" line="168" assertions="1" time="4.737344"/>
      <testcase name="testDeleteWorksheetHyperlinks" class="Aspose\Cells\Cloud\HypelinksControllerTest" classname="Aspose.Cells.Cloud.HypelinksControllerTest" file="D:\cells.cloud-sdk-php\integrationtests\CellsCloud30\HypelinksControllerTest.php" line="200" assertions="1" time="4.884736"/>
    </testsuite>
    <testsuite name="Aspose\Cells\Cloud\LightCellsTest" file="D:\cells.cloud-sdk-php\integrationtests\CellsCloud30\LightCellsTest.php" tests="36" assertions="36" errors="0" warnings="0" failures="0" skipped="0" time="165.692812">
      <testcase name="testPostSplit_pdf" class="Aspose\Cells\Cloud\LightCellsTest" classname="Aspose.Cells.Cloud.LightCellsTest" file="D:\cells.cloud-sdk-php\integrationtests\CellsCloud30\LightCellsTest.php" line="65" assertions="1" time="3.285336"/>
      <testcase name="testPostSplit_xps" class="Aspose\Cells\Cloud\LightCellsTest" classname="Aspose.Cells.Cloud.LightCellsTest" file="D:\cells.cloud-sdk-php\integrationtests\CellsCloud30\LightCellsTest.php" line="90" assertions="1" time="9.337992"/>
      <testcase name="testPostAssemble_html" class="Aspose\Cells\Cloud\LightCellsTest" classname="Aspose.Cells.Cloud.LightCellsTest" file="D:\cells.cloud-sdk-php\integrationtests\CellsCloud30\LightCellsTest.php" line="115" assertions="1" time="1.464444"/>
      <testcase name="testPostExport_pdf_listobject" class="Aspose\Cells\Cloud\LightCellsTest" classname="Aspose.Cells.Cloud.LightCellsTest" file="D:\cells.cloud-sdk-php\integrationtests\CellsCloud30\LightCellsTest.php" line="143" assertions="1" time="2.520195"/>
      <testcase name="testPostExport_md_listobject" class="Aspose\Cells\Cloud\LightCellsTest" classname="Aspose.Cells.Cloud.LightCellsTest" file="D:\cells.cloud-sdk-php\integrationtests\CellsCloud30\LightCellsTest.php" line="170" assertions="1" time="1.823771"/>
      <testcase name="testPostCompress_50" class="Aspose\Cells\Cloud\LightCellsTest" classname="Aspose.Cells.Cloud.LightCellsTest" file="D:\cells.cloud-sdk-php\integrationtests\CellsCloud30\LightCellsTest.php" line="197" assertions="1" time="1.405972"/>
      <testcase name="testPostCompress_90" class="Aspose\Cells\Cloud\LightCellsTest" classname="Aspose.Cells.Cloud.LightCellsTest" file="D:\cells.cloud-sdk-php\integrationtests\CellsCloud30\LightCellsTest.php" line="222" assertions="1" time="1.628890"/>
      <testcase name="testPostMerge_html_true" class="Aspose\Cells\Cloud\LightCellsTest" classname="Aspose.Cells.Cloud.LightCellsTest" file="D:\cells.cloud-sdk-php\integrationtests\CellsCloud30\LightCellsTest.php" line="247" assertions="1" time="1.824323"/>
      <testcase name="testPostMerge_pdf_true" class="Aspose\Cells\Cloud\LightCellsTest" classname="Aspose.Cells.Cloud.LightCellsTest" file="D:\cells.cloud-sdk-php\integrationtests\CellsCloud30\LightCellsTest.php" line="276" assertions="1" time="2.040045"/>
      <testcase name="testPostMerge_xlsx_true" class="Aspose\Cells\Cloud\LightCellsTest" classname="Aspose.Cells.Cloud.LightCellsTest" file="D:\cells.cloud-sdk-php\integrationtests\CellsCloud30\LightCellsTest.php" line="305" assertions="1" time="1.485278"/>
      <testcase name="testPostMerge_json_false" class="Aspose\Cells\Cloud\LightCellsTest" classname="Aspose.Cells.Cloud.LightCellsTest" file="D:\cells.cloud-sdk-php\integrationtests\CellsCloud30\LightCellsTest.php" line="334" assertions="1" time="1.425843"/>
      <testcase name="testPostUnlock" class="Aspose\Cells\Cloud\LightCellsTest" classname="Aspose.Cells.Cloud.LightCellsTest" file="D:\cells.cloud-sdk-php\integrationtests\CellsCloud30\LightCellsTest.php" line="363" assertions="1" time="2.201167"/>
      <testcase name="testPostLock" class="Aspose\Cells\Cloud\LightCellsTest" classname="Aspose.Cells.Cloud.LightCellsTest" file="D:\cells.cloud-sdk-php\integrationtests\CellsCloud30\LightCellsTest.php" line="386" assertions="1" time="1.717952"/>
      <testcase name="testPostProtect" class="Aspose\Cells\Cloud\LightCellsTest" classname="Aspose.Cells.Cloud.LightCellsTest" file="D:\cells.cloud-sdk-php\integrationtests\CellsCloud30\LightCellsTest.php" line="409" assertions="1" time="2.045437"/>
      <testcase name="testPostProtect_ProtectWorkbookRequest" class="Aspose\Cells\Cloud\LightCellsTest" classname="Aspose.Cells.Cloud.LightCellsTest" file="D:\cells.cloud-sdk-php\integrationtests\CellsCloud30\LightCellsTest.php" line="436" assertions="1" time="1.397364"/>
      <testcase name="testPostSearch" class="Aspose\Cells\Cloud\LightCellsTest" classname="Aspose.Cells.Cloud.LightCellsTest" file="D:\cells.cloud-sdk-php\integrationtests\CellsCloud30\LightCellsTest.php" line="462" assertions="1" time="1.211038"/>
      <testcase name="testPostReplace" class="Aspose\Cells\Cloud\LightCellsTest" classname="Aspose.Cells.Cloud.LightCellsTest" file="D:\cells.cloud-sdk-php\integrationtests\CellsCloud30\LightCellsTest.php" line="485" assertions="1" time="1.242148"/>
      <testcase name="testPostReplaceOnlySheetname" class="Aspose\Cells\Cloud\LightCellsTest" classname="Aspose.Cells.Cloud.LightCellsTest" file="D:\cells.cloud-sdk-php\integrationtests\CellsCloud30\LightCellsTest.php" line="509" assertions="1" time="1.170835"/>
      <testcase name="testPostWatermark" class="Aspose\Cells\Cloud\LightCellsTest" classname="Aspose.Cells.Cloud.LightCellsTest" file="D:\cells.cloud-sdk-php\integrationtests\CellsCloud30\LightCellsTest.php" line="534" assertions="1" time="1.162626"/>
      <testcase name="testPostClearObjects_chart" class="Aspose\Cells\Cloud\LightCellsTest" classname="Aspose.Cells.Cloud.LightCellsTest" file="D:\cells.cloud-sdk-php\integrationtests\CellsCloud30\LightCellsTest.php" line="558" assertions="1" time="2.825536"/>
      <testcase name="testPostClearObjects_comment" class="Aspose\Cells\Cloud\LightCellsTest" classname="Aspose.Cells.Cloud.LightCellsTest" file="D:\cells.cloud-sdk-php\integrationtests\CellsCloud30\LightCellsTest.php" line="583" assertions="1" time="6.000369"/>
      <testcase name="testPostClearObjects_picture" class="Aspose\Cells\Cloud\LightCellsTest" classname="Aspose.Cells.Cloud.LightCellsTest" file="D:\cells.cloud-sdk-php\integrationtests\CellsCloud30\LightCellsTest.php" line="608" assertions="1" time="4.003087"/>
      <testcase name="testPostClearObjects_shape" class="Aspose\Cells\Cloud\LightCellsTest" classname="Aspose.Cells.Cloud.LightCellsTest" file="D:\cells.cloud-sdk-php\integrationtests\CellsCloud30\LightCellsTest.php" line="633" assertions="1" time="4.404482"/>
      <testcase name="testPostClearObjects_listobject" class="Aspose\Cells\Cloud\LightCellsTest" classname="Aspose.Cells.Cloud.LightCellsTest" file="D:\cells.cloud-sdk-php\integrationtests\CellsCloud30\LightCellsTest.php" line="658" assertions="1" time="7.575445"/>
      <testcase name="testPostClearObjects_hyperlink" class="Aspose\Cells\Cloud\LightCellsTest" classname="Aspose.Cells.Cloud.LightCellsTest" file="D:\cells.cloud-sdk-php\integrationtests\CellsCloud30\LightCellsTest.php" line="683" assertions="1" time="13.768084"/>
      <testcase name="testPostClearObjects_oleobject" class="Aspose\Cells\Cloud\LightCellsTest" classname="Aspose.Cells.Cloud.LightCellsTest" file="D:\cells.cloud-sdk-php\integrationtests\CellsCloud30\LightCellsTest.php" line="708" assertions="1" time="6.566443"/>
      <testcase name="testPostClearObjects_pivottable" class="Aspose\Cells\Cloud\LightCellsTest" classname="Aspose.Cells.Cloud.LightCellsTest" file="D:\cells.cloud-sdk-php\integrationtests\CellsCloud30\LightCellsTest.php" line="733" assertions="1" time="7.765255"/>
      <testcase name="testPostClearObjects_validation" class="Aspose\Cells\Cloud\LightCellsTest" classname="Aspose.Cells.Cloud.LightCellsTest" file="D:\cells.cloud-sdk-php\integrationtests\CellsCloud30\LightCellsTest.php" line="758" assertions="1" time="6.422122"/>
      <testcase name="testPostClearObjects_Background" class="Aspose\Cells\Cloud\LightCellsTest" classname="Aspose.Cells.Cloud.LightCellsTest" file="D:\cells.cloud-sdk-php\integrationtests\CellsCloud30\LightCellsTest.php" line="783" assertions="1" time="11.831934"/>
      <testcase name="testPostRepair_xlsx" class="Aspose\Cells\Cloud\LightCellsTest" classname="Aspose.Cells.Cloud.LightCellsTest" file="D:\cells.cloud-sdk-php\integrationtests\CellsCloud30\LightCellsTest.php" line="808" assertions="1" time="8.335375"/>
      <testcase name="testPostRepair_pdf" class="Aspose\Cells\Cloud\LightCellsTest" classname="Aspose.Cells.Cloud.LightCellsTest" file="D:\cells.cloud-sdk-php\integrationtests\CellsCloud30\LightCellsTest.php" line="833" assertions="1" time="10.643483"/>
      <testcase name="testPostReverse_rows_pdf" class="Aspose\Cells\Cloud\LightCellsTest" classname="Aspose.Cells.Cloud.LightCellsTest" file="D:\cells.cloud-sdk-php\integrationtests\CellsCloud30\LightCellsTest.php" line="858" assertions="1" time="3.171516"/>
      <testcase name="testPostReverse_cols_pdf" class="Aspose\Cells\Cloud\LightCellsTest" classname="Aspose.Cells.Cloud.LightCellsTest" file="D:\cells.cloud-sdk-php\integrationtests\CellsCloud30\LightCellsTest.php" line="885" assertions="1" time="10.461787"/>
      <testcase name="testGetMetadata" class="Aspose\Cells\Cloud\LightCellsTest" classname="Aspose.Cells.Cloud.LightCellsTest" file="D:\cells.cloud-sdk-php\integrationtests\CellsCloud30\LightCellsTest.php" line="912" assertions="1" time="3.119926"/>
      <testcase name="testDeleteMetadata" class="Aspose\Cells\Cloud\LightCellsTest" classname="Aspose.Cells.Cloud.LightCellsTest" file="D:\cells.cloud-sdk-php\integrationtests\CellsCloud30\LightCellsTest.php" line="935" assertions="1" time="5.403033"/>
      <testcase name="testPostMetadata" class="Aspose\Cells\Cloud\LightCellsTest" classname="Aspose.Cells.Cloud.LightCellsTest" file="D:\cells.cloud-sdk-php\integrationtests\CellsCloud30\LightCellsTest.php" line="958" assertions="1" time="13.004279"/>
    </testsuite>
    <testsuite name="Aspose\Cells\Cloud\ListObjectsControllerTest" file="D:\cells.cloud-sdk-php\integrationtests\CellsCloud30\ListObjectsControllerTest.php" tests="13" assertions="13" errors="0" warnings="0" failures="0" skipped="0" time="53.450441">
      <testcase name="testGetWorksheetListObjects" class="Aspose\Cells\Cloud\ListObjectsControllerTest" classname="Aspose.Cells.Cloud.ListObjectsControllerTest" file="D:\cells.cloud-sdk-php\integrationtests\CellsCloud30\ListObjectsControllerTest.php" line="61" assertions="1" time="4.074772"/>
      <testcase name="testGetWorksheetListObject" class="Aspose\Cells\Cloud\ListObjectsControllerTest" classname="Aspose.Cells.Cloud.ListObjectsControllerTest" file="D:\cells.cloud-sdk-php\integrationtests\CellsCloud30\ListObjectsControllerTest.php" line="88" assertions="1" time="4.119965"/>
      <testcase name="testPutWorksheetListObject" class="Aspose\Cells\Cloud\ListObjectsControllerTest" classname="Aspose.Cells.Cloud.ListObjectsControllerTest" file="D:\cells.cloud-sdk-php\integrationtests\CellsCloud30\ListObjectsControllerTest.php" line="117" assertions="1" time="5.621617"/>
      <testcase name="testDeleteWorksheetListObjects" class="Aspose\Cells\Cloud\ListObjectsControllerTest" classname="Aspose.Cells.Cloud.ListObjectsControllerTest" file="D:\cells.cloud-sdk-php\integrationtests\CellsCloud30\ListObjectsControllerTest.php" line="151" assertions="1" time="5.745807"/>
      <testcase name="testDeleteWorksheetListObject" class="Aspose\Cells\Cloud\ListObjectsControllerTest" classname="Aspose.Cells.Cloud.ListObjectsControllerTest" file="D:\cells.cloud-sdk-php\integrationtests\CellsCloud30\ListObjectsControllerTest.php" line="178" assertions="1" time="4.644482"/>
      <testcase name="testPostWorksheetListObject" class="Aspose\Cells\Cloud\ListObjectsControllerTest" classname="Aspose.Cells.Cloud.ListObjectsControllerTest" file="D:\cells.cloud-sdk-php\integrationtests\CellsCloud30\ListObjectsControllerTest.php" line="206" assertions="1" time="4.452147"/>
      <testcase name="testPostWorksheetListObjectConvertToRange" class="Aspose\Cells\Cloud\ListObjectsControllerTest" classname="Aspose.Cells.Cloud.ListObjectsControllerTest" file="D:\cells.cloud-sdk-php\integrationtests\CellsCloud30\ListObjectsControllerTest.php" line="237" assertions="1" time="3.701526"/>
      <testcase name="testPostWorksheetListObjectSummarizeWithPivotTable" class="Aspose\Cells\Cloud\ListObjectsControllerTest" classname="Aspose.Cells.Cloud.ListObjectsControllerTest" file="D:\cells.cloud-sdk-php\integrationtests\CellsCloud30\ListObjectsControllerTest.php" line="265" assertions="1" time="3.937670"/>
      <testcase name="testPostWorksheetListObjectSortTable" class="Aspose\Cells\Cloud\ListObjectsControllerTest" classname="Aspose.Cells.Cloud.ListObjectsControllerTest" file="D:\cells.cloud-sdk-php\integrationtests\CellsCloud30\ListObjectsControllerTest.php" line="312" assertions="1" time="3.978068"/>
      <testcase name="testPostWorksheetListColumn" class="Aspose\Cells\Cloud\ListObjectsControllerTest" classname="Aspose.Cells.Cloud.ListObjectsControllerTest" file="D:\cells.cloud-sdk-php\integrationtests\CellsCloud30\ListObjectsControllerTest.php" line="343" assertions="1" time="3.710383"/>
      <testcase name="testPostWorksheetListColumnsTotal" class="Aspose\Cells\Cloud\ListObjectsControllerTest" classname="Aspose.Cells.Cloud.ListObjectsControllerTest" file="D:\cells.cloud-sdk-php\integrationtests\CellsCloud30\ListObjectsControllerTest.php" line="375" assertions="1" time="3.785914"/>
      <testcase name="testPostWorksheetListObjectRemoveDuplicates" class="Aspose\Cells\Cloud\ListObjectsControllerTest" classname="Aspose.Cells.Cloud.ListObjectsControllerTest" file="D:\cells.cloud-sdk-php\integrationtests\CellsCloud30\ListObjectsControllerTest.php" line="410" assertions="1" time="3.093970"/>
      <testcase name="testPostWorksheetListObjectInsertSlicer" class="Aspose\Cells\Cloud\ListObjectsControllerTest" classname="Aspose.Cells.Cloud.ListObjectsControllerTest" file="D:\cells.cloud-sdk-php\integrationtests\CellsCloud30\ListObjectsControllerTest.php" line="438" assertions="1" time="2.584120"/>
    </testsuite>
    <testsuite name="Aspose\Cells\Cloud\OleObjectsControllerTest" file="D:\cells.cloud-sdk-php\integrationtests\CellsCloud30\OleObjectsControllerTest.php" tests="6" assertions="6" errors="0" warnings="0" failures="0" skipped="0" time="30.436511">
      <testcase name="testGetWorksheetOleObjects" class="Aspose\Cells\Cloud\OleObjectsControllerTest" classname="Aspose.Cells.Cloud.OleObjectsControllerTest" file="D:\cells.cloud-sdk-php\integrationtests\CellsCloud30\OleObjectsControllerTest.php" line="54" assertions="1" time="4.012631"/>
      <testcase name="testGetWorksheetOleObject" class="Aspose\Cells\Cloud\OleObjectsControllerTest" classname="Aspose.Cells.Cloud.OleObjectsControllerTest" file="D:\cells.cloud-sdk-php\integrationtests\CellsCloud30\OleObjectsControllerTest.php" line="81" assertions="1" time="5.397298"/>
      <testcase name="testDeleteWorksheetOleObjects" class="Aspose\Cells\Cloud\OleObjectsControllerTest" classname="Aspose.Cells.Cloud.OleObjectsControllerTest" file="D:\cells.cloud-sdk-php\integrationtests\CellsCloud30\OleObjectsControllerTest.php" line="110" assertions="1" time="5.784814"/>
      <testcase name="testDeleteWorksheetOleObject" class="Aspose\Cells\Cloud\OleObjectsControllerTest" classname="Aspose.Cells.Cloud.OleObjectsControllerTest" file="D:\cells.cloud-sdk-php\integrationtests\CellsCloud30\OleObjectsControllerTest.php" line="137" assertions="1" time="3.967911"/>
      <testcase name="testPostUpdateWorksheetOleObject" class="Aspose\Cells\Cloud\OleObjectsControllerTest" classname="Aspose.Cells.Cloud.OleObjectsControllerTest" file="D:\cells.cloud-sdk-php\integrationtests\CellsCloud30\OleObjectsControllerTest.php" line="165" assertions="1" time="5.601451"/>
      <testcase name="testPutWorksheetOleObject" class="Aspose\Cells\Cloud\OleObjectsControllerTest" classname="Aspose.Cells.Cloud.OleObjectsControllerTest" file="D:\cells.cloud-sdk-php\integrationtests\CellsCloud30\OleObjectsControllerTest.php" line="199" assertions="1" time="5.672406"/>
    </testsuite>
    <testsuite name="Aspose\Cells\Cloud\PageBreaksControllerTest" file="D:\cells.cloud-sdk-php\integrationtests\CellsCloud30\PageBreaksControllerTest.php" tests="10" assertions="10" errors="0" warnings="0" failures="0" skipped="0" time="40.075224">
      <testcase name="testGetVerticalPageBreaks" class="Aspose\Cells\Cloud\PageBreaksControllerTest" classname="Aspose.Cells.Cloud.PageBreaksControllerTest" file="D:\cells.cloud-sdk-php\integrationtests\CellsCloud30\PageBreaksControllerTest.php" line="58" assertions="1" time="3.108921"/>
      <testcase name="testGetHorizontalPageBreaks" class="Aspose\Cells\Cloud\PageBreaksControllerTest" classname="Aspose.Cells.Cloud.PageBreaksControllerTest" file="D:\cells.cloud-sdk-php\integrationtests\CellsCloud30\PageBreaksControllerTest.php" line="85" assertions="1" time="2.773090"/>
      <testcase name="testGetVerticalPageBreak" class="Aspose\Cells\Cloud\PageBreaksControllerTest" classname="Aspose.Cells.Cloud.PageBreaksControllerTest" file="D:\cells.cloud-sdk-php\integrationtests\CellsCloud30\PageBreaksControllerTest.php" line="112" assertions="1" time="4.550699"/>
      <testcase name="testGetHorizontalPageBreak" class="Aspose\Cells\Cloud\PageBreaksControllerTest" classname="Aspose.Cells.Cloud.PageBreaksControllerTest" file="D:\cells.cloud-sdk-php\integrationtests\CellsCloud30\PageBreaksControllerTest.php" line="140" assertions="1" time="3.567421"/>
      <testcase name="testPutVerticalPageBreak" class="Aspose\Cells\Cloud\PageBreaksControllerTest" classname="Aspose.Cells.Cloud.PageBreaksControllerTest" file="D:\cells.cloud-sdk-php\integrationtests\CellsCloud30\PageBreaksControllerTest.php" line="168" assertions="1" time="4.765302"/>
      <testcase name="testPutHorizontalPageBreak" class="Aspose\Cells\Cloud\PageBreaksControllerTest" classname="Aspose.Cells.Cloud.PageBreaksControllerTest" file="D:\cells.cloud-sdk-php\integrationtests\CellsCloud30\PageBreaksControllerTest.php" line="200" assertions="1" time="4.849320"/>
      <testcase name="testDeleteVerticalPageBreaks" class="Aspose\Cells\Cloud\PageBreaksControllerTest" classname="Aspose.Cells.Cloud.PageBreaksControllerTest" file="D:\cells.cloud-sdk-php\integrationtests\CellsCloud30\PageBreaksControllerTest.php" line="232" assertions="1" time="5.453391"/>
      <testcase name="testDeleteHorizontalPageBreaks" class="Aspose\Cells\Cloud\PageBreaksControllerTest" classname="Aspose.Cells.Cloud.PageBreaksControllerTest" file="D:\cells.cloud-sdk-php\integrationtests\CellsCloud30\PageBreaksControllerTest.php" line="260" assertions="1" time="4.255057"/>
      <testcase name="testDeleteVerticalPageBreak" class="Aspose\Cells\Cloud\PageBreaksControllerTest" classname="Aspose.Cells.Cloud.PageBreaksControllerTest" file="D:\cells.cloud-sdk-php\integrationtests\CellsCloud30\PageBreaksControllerTest.php" line="288" assertions="1" time="3.654149"/>
      <testcase name="testDeleteHorizontalPageBreak" class="Aspose\Cells\Cloud\PageBreaksControllerTest" classname="Aspose.Cells.Cloud.PageBreaksControllerTest" file="D:\cells.cloud-sdk-php\integrationtests\CellsCloud30\PageBreaksControllerTest.php" line="316" assertions="1" time="3.097875"/>
    </testsuite>
    <testsuite name="Aspose\Cells\Cloud\PageSetupControllerTest" file="D:\cells.cloud-sdk-php\integrationtests\CellsCloud30\PageSetupControllerTest.php" tests="9" assertions="9" errors="0" warnings="0" failures="0" skipped="0" time="36.946856">
      <testcase name="testGetPageSetup" class="Aspose\Cells\Cloud\PageSetupControllerTest" classname="Aspose.Cells.Cloud.PageSetupControllerTest" file="D:\cells.cloud-sdk-php\integrationtests\CellsCloud30\PageSetupControllerTest.php" line="57" assertions="1" time="3.659081"/>
      <testcase name="testPostPageSetup" class="Aspose\Cells\Cloud\PageSetupControllerTest" classname="Aspose.Cells.Cloud.PageSetupControllerTest" file="D:\cells.cloud-sdk-php\integrationtests\CellsCloud30\PageSetupControllerTest.php" line="84" assertions="1" time="6.018293"/>
      <testcase name="testDeleteHeaderFooter" class="Aspose\Cells\Cloud\PageSetupControllerTest" classname="Aspose.Cells.Cloud.PageSetupControllerTest" file="D:\cells.cloud-sdk-php\integrationtests\CellsCloud30\PageSetupControllerTest.php" line="116" assertions="1" time="3.233748"/>
      <testcase name="testGetHeader" class="Aspose\Cells\Cloud\PageSetupControllerTest" classname="Aspose.Cells.Cloud.PageSetupControllerTest" file="D:\cells.cloud-sdk-php\integrationtests\CellsCloud30\PageSetupControllerTest.php" line="143" assertions="1" time="4.716626"/>
      <testcase name="testPostHeader" class="Aspose\Cells\Cloud\PageSetupControllerTest" classname="Aspose.Cells.Cloud.PageSetupControllerTest" file="D:\cells.cloud-sdk-php\integrationtests\CellsCloud30\PageSetupControllerTest.php" line="170" assertions="1" time="3.906607"/>
      <testcase name="testGetFooter" class="Aspose\Cells\Cloud\PageSetupControllerTest" classname="Aspose.Cells.Cloud.PageSetupControllerTest" file="D:\cells.cloud-sdk-php\integrationtests\CellsCloud30\PageSetupControllerTest.php" line="200" assertions="1" time="3.581041"/>
      <testcase name="testPostFooter" class="Aspose\Cells\Cloud\PageSetupControllerTest" classname="Aspose.Cells.Cloud.PageSetupControllerTest" file="D:\cells.cloud-sdk-php\integrationtests\CellsCloud30\PageSetupControllerTest.php" line="227" assertions="1" time="3.744087"/>
      <testcase name="testPostFitWideToPages" class="Aspose\Cells\Cloud\PageSetupControllerTest" classname="Aspose.Cells.Cloud.PageSetupControllerTest" file="D:\cells.cloud-sdk-php\integrationtests\CellsCloud30\PageSetupControllerTest.php" line="257" assertions="1" time="4.296290"/>
      <testcase name="testPostFitTallToPages" class="Aspose\Cells\Cloud\PageSetupControllerTest" classname="Aspose.Cells.Cloud.PageSetupControllerTest" file="D:\cells.cloud-sdk-php\integrationtests\CellsCloud30\PageSetupControllerTest.php" line="284" assertions="1" time="3.791083"/>
    </testsuite>
    <testsuite name="Aspose\Cells\Cloud\PicturesControllerTest" file="D:\cells.cloud-sdk-php\integrationtests\CellsCloud30\PicturesControllerTest.php" tests="6" assertions="6" errors="0" warnings="0" failures="0" skipped="0" time="22.473600">
      <testcase name="testGetWorksheetPictures" class="Aspose\Cells\Cloud\PicturesControllerTest" classname="Aspose.Cells.Cloud.PicturesControllerTest" file="D:\cells.cloud-sdk-php\integrationtests\CellsCloud30\PicturesControllerTest.php" line="54" assertions="1" time="3.768588"/>
      <testcase name="testGetWorksheetPictureWithFormat" class="Aspose\Cells\Cloud\PicturesControllerTest" classname="Aspose.Cells.Cloud.PicturesControllerTest" file="D:\cells.cloud-sdk-php\integrationtests\CellsCloud30\PicturesControllerTest.php" line="81" assertions="1" time="3.532464"/>
      <testcase name="testPutWorksheetAddPicture" class="Aspose\Cells\Cloud\PicturesControllerTest" classname="Aspose.Cells.Cloud.PicturesControllerTest" file="D:\cells.cloud-sdk-php\integrationtests\CellsCloud30\PicturesControllerTest.php" line="110" assertions="1" time="4.523199"/>
      <testcase name="testPostWorksheetPicture" class="Aspose\Cells\Cloud\PicturesControllerTest" classname="Aspose.Cells.Cloud.PicturesControllerTest" file="D:\cells.cloud-sdk-php\integrationtests\CellsCloud30\PicturesControllerTest.php" line="144" assertions="1" time="3.288009"/>
      <testcase name="testDeleteWorksheetPicture" class="Aspose\Cells\Cloud\PicturesControllerTest" classname="Aspose.Cells.Cloud.PicturesControllerTest" file="D:\cells.cloud-sdk-php\integrationtests\CellsCloud30\PicturesControllerTest.php" line="176" assertions="1" time="3.784830"/>
      <testcase name="testDeleteWorksheetPictures" class="Aspose\Cells\Cloud\PicturesControllerTest" classname="Aspose.Cells.Cloud.PicturesControllerTest" file="D:\cells.cloud-sdk-php\integrationtests\CellsCloud30\PicturesControllerTest.php" line="204" assertions="1" time="3.576510"/>
    </testsuite>
    <testsuite name="Aspose\Cells\Cloud\PivotTablesControllerTest" file="D:\cells.cloud-sdk-php\integrationtests\CellsCloud30\PivotTablesControllerTest.php" tests="19" assertions="19" errors="0" warnings="0" failures="0" skipped="0" time="103.947725">
      <testcase name="testGetWorksheetPivotTables" class="Aspose\Cells\Cloud\PivotTablesControllerTest" classname="Aspose.Cells.Cloud.PivotTablesControllerTest" file="D:\cells.cloud-sdk-php\integrationtests\CellsCloud30\PivotTablesControllerTest.php" line="67" assertions="1" time="4.862473"/>
      <testcase name="testGetWorksheetPivotTable" class="Aspose\Cells\Cloud\PivotTablesControllerTest" classname="Aspose.Cells.Cloud.PivotTablesControllerTest" file="D:\cells.cloud-sdk-php\integrationtests\CellsCloud30\PivotTablesControllerTest.php" line="94" assertions="1" time="3.741896"/>
      <testcase name="testGetPivotTableField" class="Aspose\Cells\Cloud\PivotTablesControllerTest" classname="Aspose.Cells.Cloud.PivotTablesControllerTest" file="D:\cells.cloud-sdk-php\integrationtests\CellsCloud30\PivotTablesControllerTest.php" line="122" assertions="1" time="3.377831"/>
      <testcase name="testGetWorksheetPivotTableFilters" class="Aspose\Cells\Cloud\PivotTablesControllerTest" classname="Aspose.Cells.Cloud.PivotTablesControllerTest" file="D:\cells.cloud-sdk-php\integrationtests\CellsCloud30\PivotTablesControllerTest.php" line="152" assertions="1" time="3.726667"/>
      <testcase name="testPutWorksheetPivotTable" class="Aspose\Cells\Cloud\PivotTablesControllerTest" classname="Aspose.Cells.Cloud.PivotTablesControllerTest" file="D:\cells.cloud-sdk-php\integrationtests\CellsCloud30\PivotTablesControllerTest.php" line="180" assertions="1" time="4.076956"/>
      <testcase name="testPutPivotTableField" class="Aspose\Cells\Cloud\PivotTablesControllerTest" classname="Aspose.Cells.Cloud.PivotTablesControllerTest" file="D:\cells.cloud-sdk-php\integrationtests\CellsCloud30\PivotTablesControllerTest.php" line="211" assertions="1" time="3.127623"/>
      <testcase name="testPostPivotTableFieldHideItem" class="Aspose\Cells\Cloud\PivotTablesControllerTest" classname="Aspose.Cells.Cloud.PivotTablesControllerTest" file="D:\cells.cloud-sdk-php\integrationtests\CellsCloud30\PivotTablesControllerTest.php" line="247" assertions="1" time="3.465422"/>
      <testcase name="testPostPivotTableFieldMoveTo" class="Aspose\Cells\Cloud\PivotTablesControllerTest" classname="Aspose.Cells.Cloud.PivotTablesControllerTest" file="D:\cells.cloud-sdk-php\integrationtests\CellsCloud30\PivotTablesControllerTest.php" line="280" assertions="1" time="3.306009"/>
      <testcase name="testPostPivotTableCellStyle" class="Aspose\Cells\Cloud\PivotTablesControllerTest" classname="Aspose.Cells.Cloud.PivotTablesControllerTest" file="D:\cells.cloud-sdk-php\integrationtests\CellsCloud30\PivotTablesControllerTest.php" line="311" assertions="1" time="3.421483"/>
      <testcase name="testPostPivotTableStyle" class="Aspose\Cells\Cloud\PivotTablesControllerTest" classname="Aspose.Cells.Cloud.PivotTablesControllerTest" file="D:\cells.cloud-sdk-php\integrationtests\CellsCloud30\PivotTablesControllerTest.php" line="347" assertions="1" time="4.062426"/>
      <testcase name="testPostPivotTableUpdatePivotFields" class="Aspose\Cells\Cloud\PivotTablesControllerTest" classname="Aspose.Cells.Cloud.PivotTablesControllerTest" file="D:\cells.cloud-sdk-php\integrationtests\CellsCloud30\PivotTablesControllerTest.php" line="381" assertions="1" time="7.364483"/>
      <testcase name="testPostPivotTableUpdatePivotField" class="Aspose\Cells\Cloud\PivotTablesControllerTest" classname="Aspose.Cells.Cloud.PivotTablesControllerTest" file="D:\cells.cloud-sdk-php\integrationtests\CellsCloud30\PivotTablesControllerTest.php" line="414" assertions="1" time="25.198462"/>
      <testcase name="testPostWorksheetPivotTableCalculate" class="Aspose\Cells\Cloud\PivotTablesControllerTest" classname="Aspose.Cells.Cloud.PivotTablesControllerTest" file="D:\cells.cloud-sdk-php\integrationtests\CellsCloud30\PivotTablesControllerTest.php" line="448" assertions="1" time="7.336814"/>
      <testcase name="testPostWorksheetPivotTableMove" class="Aspose\Cells\Cloud\PivotTablesControllerTest" classname="Aspose.Cells.Cloud.PivotTablesControllerTest" file="D:\cells.cloud-sdk-php\integrationtests\CellsCloud30\PivotTablesControllerTest.php" line="476" assertions="1" time="5.694379"/>
      <testcase name="testDeleteWorksheetPivotTables" class="Aspose\Cells\Cloud\PivotTablesControllerTest" classname="Aspose.Cells.Cloud.PivotTablesControllerTest" file="D:\cells.cloud-sdk-php\integrationtests\CellsCloud30\PivotTablesControllerTest.php" line="507" assertions="1" time="4.124305"/>
      <testcase name="testDeleteWorksheetPivotTable" class="Aspose\Cells\Cloud\PivotTablesControllerTest" classname="Aspose.Cells.Cloud.PivotTablesControllerTest" file="D:\cells.cloud-sdk-php\integrationtests\CellsCloud30\PivotTablesControllerTest.php" line="534" assertions="1" time="5.602127"/>
      <testcase name="testDeletePivotTableField" class="Aspose\Cells\Cloud\PivotTablesControllerTest" classname="Aspose.Cells.Cloud.PivotTablesControllerTest" file="D:\cells.cloud-sdk-php\integrationtests\CellsCloud30\PivotTablesControllerTest.php" line="562" assertions="1" time="4.271931"/>
      <testcase name="testDeleteWorksheetPivotTableFilters" class="Aspose\Cells\Cloud\PivotTablesControllerTest" classname="Aspose.Cells.Cloud.PivotTablesControllerTest" file="D:\cells.cloud-sdk-php\integrationtests\CellsCloud30\PivotTablesControllerTest.php" line="597" assertions="1" time="3.702616"/>
[...]
      <testcase name="testSplitLocalFile" class="Aspose\Cells\Cloud\SplitterTest" classname="Aspose.Cells.Cloud.SplitterTest" file="D:\cells.cloud-sdk-php\integrationtests\DataProcessing\SplitterTest.php" line="50" assertions="1" time="11.223564"/>
      <testcase name="testSplitLocalFileToRemoteFolder" class="Aspose\Cells\Cloud\SplitterTest" classname="Aspose.Cells.Cloud.SplitterTest" file="D:\cells.cloud-sdk-php\integrationtests\DataProcessing\SplitterTest.php" line="72" assertions="1" time="5.996358"/>
      <testcase name="testSplitFileInRemote" class="Aspose\Cells\Cloud\SplitterTest" classname="Aspose.Cells.Cloud.SplitterTest" file="D:\cells.cloud-sdk-php\integrationtests\DataProcessing\SplitterTest.php" line="95" assertions="1" time="3.753898"/>
    </testsuite>
    <testsuite name="Aspose\Cells\Cloud\TransformTest" file="D:\cells.cloud-sdk-php\integrationtests\DataProcessing\TransformTest.php" tests="3" assertions="3" errors="0" warnings="0" failures="0" skipped="0" time="7.331767">
      <testcase name="testRemoveSpreadsheetBlankRows" class="Aspose\Cells\Cloud\TransformTest" classname="Aspose.Cells.Cloud.TransformTest" file="D:\cells.cloud-sdk-php\integrationtests\DataProcessing\TransformTest.php" line="51" assertions="1" time="1.839273"/>
      <testcase name="testRemoveSpreadsheetBlankColumns" class="Aspose\Cells\Cloud\TransformTest" classname="Aspose.Cells.Cloud.TransformTest" file="D:\cells.cloud-sdk-php\integrationtests\DataProcessing\TransformTest.php" line="71" assertions="1" time="3.385068"/>
      <testcase name="testRemoveSpreadsheetBlankWorksheets" class="Aspose\Cells\Cloud\TransformTest" classname="Aspose.Cells.Cloud.TransformTest" file="D:\cells.cloud-sdk-php\integrationtests\DataProcessing\TransformTest.php" line="91" assertions="1" time="2.107426"/>
    </testsuite>
    <testsuite name="Aspose\Cells\Cloud\FileControllerTest" file="D:\cells.cloud-sdk-php\integrationtests\Dynabic\FileControllerTest.php" tests="3" assertions="3" errors="0" warnings="0" failures="0" skipped="0" time="23.175214">
      <testcase name="testDownloadFile" class="Aspose\Cells\Cloud\FileControllerTest" classname="Aspose.Cells.Cloud.FileControllerTest" file="D:\cells.cloud-sdk-php\integrationtests\Dynabic\FileControllerTest.php" line="51" assertions="1" time="14.717997"/>
      <testcase name="testUploadFile" class="Aspose\Cells\Cloud\FileControllerTest" classname="Aspose.Cells.Cloud.FileControllerTest" file="D:\cells.cloud-sdk-php\integrationtests\Dynabic\FileControllerTest.php" line="77" assertions="1" time="5.194716"/>
      <testcase name="testCopyFile" class="Aspose\Cells\Cloud\FileControllerTest" classname="Aspose.Cells.Cloud.FileControllerTest" file="D:\cells.cloud-sdk-php\integrationtests\Dynabic\FileControllerTest.php" line="105" assertions="1" time="3.262501"/>
    </testsuite>
    <testsuite name="Aspose\Cells\Cloud\FolderControllerTest" file="D:\cells.cloud-sdk-php\integrationtests\Dynabic\FolderControllerTest.php" tests="5" assertions="5" errors="0" warnings="0" failures="0" skipped="0" time="34.110077">
      <testcase name="testGetFilesList" class="Aspose\Cells\Cloud\FolderControllerTest" classname="Aspose.Cells.Cloud.FolderControllerTest" file="D:\cells.cloud-sdk-php\integrationtests\Dynabic\FolderControllerTest.php" line="53" assertions="1" time="3.952971"/>
      <testcase name="testCreateFolder" class="Aspose\Cells\Cloud\FolderControllerTest" classname="Aspose.Cells.Cloud.FolderControllerTest" file="D:\cells.cloud-sdk-php\integrationtests\Dynabic\FolderControllerTest.php" line="78" assertions="1" time="3.426896"/>
      <testcase name="testCopyFolder" class="Aspose\Cells\Cloud\FolderControllerTest" classname="Aspose.Cells.Cloud.FolderControllerTest" file="D:\cells.cloud-sdk-php\integrationtests\Dynabic\FolderControllerTest.php" line="103" assertions="1" time="6.963542"/>
      <testcase name="testMoveFolder" class="Aspose\Cells\Cloud\FolderControllerTest" classname="Aspose.Cells.Cloud.FolderControllerTest" file="D:\cells.cloud-sdk-php\integrationtests\Dynabic\FolderControllerTest.php" line="130" assertions="1" time="15.634555"/>
      <testcase name="testDeleteFolder" class="Aspose\Cells\Cloud\FolderControllerTest" classname="Aspose.Cells.Cloud.FolderControllerTest" file="D:\cells.cloud-sdk-php\integrationtests\Dynabic\FolderControllerTest.php" line="157" assertions="1" time="4.132113"/>
    </testsuite>
    <testsuite name="Aspose\Cells\Cloud\StorageControllerTest" file="D:\cells.cloud-sdk-php\integrationtests\Dynabic\StorageControllerTest.php" tests="4" assertions="4" errors="0" warnings="0" failures="0" skipped="0" time="21.532348">
      <testcase name="testStorageExists" class="Aspose\Cells\Cloud\StorageControllerTest" classname="Aspose.Cells.Cloud.StorageControllerTest" file="D:\cells.cloud-sdk-php\integrationtests\Dynabic\StorageControllerTest.php" line="52" assertions="1" time="2.919978"/>
      <testcase name="testObjectExists" class="Aspose\Cells\Cloud\StorageControllerTest" classname="Aspose.Cells.Cloud.StorageControllerTest" file="D:\cells.cloud-sdk-php\integrationtests\Dynabic\StorageControllerTest.php" line="76" assertions="1" time="4.082172"/>
      <testcase name="testGetDiscUsage" class="Aspose\Cells\Cloud\StorageControllerTest" classname="Aspose.Cells.Cloud.StorageControllerTest" file="D:\cells.cloud-sdk-php\integrationtests\Dynabic\StorageControllerTest.php" line="102" assertions="1" time="5.292430"/>
      <testcase name="testGetFileVersions" class="Aspose\Cells\Cloud\StorageControllerTest" classname="Aspose.Cells.Cloud.StorageControllerTest" file="D:\cells.cloud-sdk-php\integrationtests\Dynabic\StorageControllerTest.php" line="126" assertions="1" time="9.237768"/>
    </testsuite>
    <testsuite name="Aspose\Cells\Cloud\ManagementTest" file="D:\cells.cloud-sdk-php\integrationtests\Management\ManagementTest.php" tests="10" assertions="10" errors="0" warnings="0" failures="0" skipped="0" time="32.009866">
      <testcase name="testCreateSpreadsheet" class="Aspose\Cells\Cloud\ManagementTest" classname="Aspose.Cells.Cloud.ManagementTest" file="D:\cells.cloud-sdk-php\integrationtests\Management\ManagementTest.php" line="57" assertions="1" time="1.433539"/>
      <testcase name="testCreateSpreadsheetWithTemplate" class="Aspose\Cells\Cloud\ManagementTest" classname="Aspose.Cells.Cloud.ManagementTest" file="D:\cells.cloud-sdk-php\integrationtests\Management\ManagementTest.php" line="75" assertions="1" time="10.013069"/>
      <testcase name="testAddWorksheet" class="Aspose\Cells\Cloud\ManagementTest" classname="Aspose.Cells.Cloud.ManagementTest" file="D:\cells.cloud-sdk-php\integrationtests\Management\ManagementTest.php" line="94" assertions="1" time="2.142694"/>
      <testcase name="testDeleteWorksheet" class="Aspose\Cells\Cloud\ManagementTest" classname="Aspose.Cells.Cloud.ManagementTest" file="D:\cells.cloud-sdk-php\integrationtests\Management\ManagementTest.php" line="114" assertions="1" time="2.198220"/>
      <testcase name="testRenameWorksheet" class="Aspose\Cells\Cloud\ManagementTest" classname="Aspose.Cells.Cloud.ManagementTest" file="D:\cells.cloud-sdk-php\integrationtests\Management\ManagementTest.php" line="135" assertions="1" time="1.876054"/>
      <testcase name="testMoveWorksheet" class="Aspose\Cells\Cloud\ManagementTest" classname="Aspose.Cells.Cloud.ManagementTest" file="D:\cells.cloud-sdk-php\integrationtests\Management\ManagementTest.php" line="157" assertions="1" time="4.007941"/>
      <testcase name="testCompressSpreadsheet" class="Aspose\Cells\Cloud\ManagementTest" classname="Aspose.Cells.Cloud.ManagementTest" file="D:\cells.cloud-sdk-php\integrationtests\Management\ManagementTest.php" line="179" assertions="1" time="1.912199"/>
      <testcase name="testRepairSpreadsheet" class="Aspose\Cells\Cloud\ManagementTest" classname="Aspose.Cells.Cloud.ManagementTest" file="D:\cells.cloud-sdk-php\integrationtests\Management\ManagementTest.php" line="200" assertions="1" time="1.983253"/>
      <testcase name="testGetMergedCellsInRemotedWorksheet" class="Aspose\Cells\Cloud\ManagementTest" classname="Aspose.Cells.Cloud.ManagementTest" file="D:\cells.cloud-sdk-php\integrationtests\Management\ManagementTest.php" line="220" assertions="1" time="4.846309"/>
      <testcase name="testGetMergedCellsInWorksheet" class="Aspose\Cells\Cloud\ManagementTest" classname="Aspose.Cells.Cloud.ManagementTest" file="D:\cells.cloud-sdk-php\integrationtests\Management\ManagementTest.php" line="244" assertions="1" time="1.596588"/>
    </testsuite>
    <testsuite name="Aspose\Cells\Cloud\ReplacerTest" file="D:\cells.cloud-sdk-php\integrationtests\Search2Replace\ReplacerTest.php" tests="3" assertions="3" errors="0" warnings="0" failures="0" skipped="0" time="7.617246">
      <testcase name="testReplaceTextInLocalFile" class="Aspose\Cells\Cloud\ReplacerTest" classname="Aspose.Cells.Cloud.ReplacerTest" file="D:\cells.cloud-sdk-php\integrationtests\Search2Replace\ReplacerTest.php" line="50" assertions="1" time="2.859060"/>
      <testcase name="testReplaceTextFromWorksheetInLocalFile" class="Aspose\Cells\Cloud\ReplacerTest" classname="Aspose.Cells.Cloud.ReplacerTest" file="D:\cells.cloud-sdk-php\integrationtests\Search2Replace\ReplacerTest.php" line="72" assertions="1" time="1.923929"/>
      <testcase name="testReplaceTextInRemoteRange" class="Aspose\Cells\Cloud\ReplacerTest" classname="Aspose.Cells.Cloud.ReplacerTest" file="D:\cells.cloud-sdk-php\integrationtests\Search2Replace\ReplacerTest.php" line="95" assertions="1" time="2.834257"/>
    </testsuite>
    <testsuite name="Aspose\Cells\Cloud\SearcherTest" file="D:\cells.cloud-sdk-php\integrationtests\Search2Replace\SearcherTest.php" tests="10" assertions="10" errors="0" warnings="0" failures="0" skipped="0" time="28.837703">
      <testcase name="testSearchTextInLocalFile" class="Aspose\Cells\Cloud\SearcherTest" classname="Aspose.Cells.Cloud.SearcherTest" file="D:\cells.cloud-sdk-php\integrationtests\Search2Replace\SearcherTest.php" line="57" assertions="1" time="1.707756"/>
      <testcase name="testSearchTextFromWorksheetInLocalFile" class="Aspose\Cells\Cloud\SearcherTest" classname="Aspose.Cells.Cloud.SearcherTest" file="D:\cells.cloud-sdk-php\integrationtests\Search2Replace\SearcherTest.php" line="79" assertions="1" time="3.496299"/>
      <testcase name="testSearchTextInRemoteSpreadsheet" class="Aspose\Cells\Cloud\SearcherTest" classname="Aspose.Cells.Cloud.SearcherTest" file="D:\cells.cloud-sdk-php\integrationtests\Search2Replace\SearcherTest.php" line="102" assertions="1" time="3.776975"/>
      <testcase name="testSearchTextInRemoteRange" class="Aspose\Cells\Cloud\SearcherTest" classname="Aspose.Cells.Cloud.SearcherTest" file="D:\cells.cloud-sdk-php\integrationtests\Search2Replace\SearcherTest.php" line="127" assertions="1" time="2.601415"/>
      <testcase name="testSearchSpreadsheetBrokenLinks" class="Aspose\Cells\Cloud\SearcherTest" classname="Aspose.Cells.Cloud.SearcherTest" file="D:\cells.cloud-sdk-php\integrationtests\Search2Replace\SearcherTest.php" line="154" assertions="1" time="1.771439"/>
      <testcase name="testSearchBrokenLinksInRemoteSpreadsheet" class="Aspose\Cells\Cloud\SearcherTest" classname="Aspose.Cells.Cloud.SearcherTest" file="D:\cells.cloud-sdk-php\integrationtests\Search2Replace\SearcherTest.php" line="174" assertions="1" time="2.098592"/>
      <testcase name="testSearchBrokenLinksInRemoteWorksheet" class="Aspose\Cells\Cloud\SearcherTest" classname="Aspose.Cells.Cloud.SearcherTest" file="D:\cells.cloud-sdk-php\integrationtests\Search2Replace\SearcherTest.php" line="197" assertions="1" time="4.708435"/>
      <testcase name="testSearchBrokenLinksInRemoteRange" class="Aspose\Cells\Cloud\SearcherTest" classname="Aspose.Cells.Cloud.SearcherTest" file="D:\cells.cloud-sdk-php\integrationtests\Search2Replace\SearcherTest.php" line="221" assertions="1" time="4.051887"/>
      <testcase name="testSearchAllTextItemsInRemoteSpreadsheet" class="Aspose\Cells\Cloud\SearcherTest" classname="Aspose.Cells.Cloud.SearcherTest" file="D:\cells.cloud-sdk-php\integrationtests\Search2Replace\SearcherTest.php" line="246" assertions="1" time="2.272499"/>
      <testcase name="testSearchSpreadsheetAllTextItems" class="Aspose\Cells\Cloud\SearcherTest" classname="Aspose.Cells.Cloud.SearcherTest" file="D:\cells.cloud-sdk-php\integrationtests\Search2Replace\SearcherTest.php" line="269" assertions="1" time="2.352406"/>
    </testsuite>
    <testsuite name="Aspose\Cells\Cloud\AddTextTest" file="D:\cells.cloud-sdk-php\integrationtests\TextProcessing\AddTextTest.php" tests="4" assertions="4" errors="0" warnings="0" failures="0" skipped="0" time="10.575521">
      <testcase name="testAddText" class="Aspose\Cells\Cloud\AddTextTest" classname="Aspose.Cells.Cloud.AddTextTest" file="D:\cells.cloud-sdk-php\integrationtests\TextProcessing\AddTextTest.php" line="49" assertions="1" time="1.847034"/>
      <testcase name="testAddTextSkipEmptyCells" class="Aspose\Cells\Cloud\AddTextTest" classname="Aspose.Cells.Cloud.AddTextTest" file="D:\cells.cloud-sdk-php\integrationtests\TextProcessing\AddTextTest.php" line="70" assertions="1" time="4.905385"/>
      <testcase name="testAddTextInRange" class="Aspose\Cells\Cloud\AddTextTest" classname="Aspose.Cells.Cloud.AddTextTest" file="D:\cells.cloud-sdk-php\integrationtests\TextProcessing\AddTextTest.php" line="93" assertions="1" time="1.996474"/>
      <testcase name="testAddTextBeforeText" class="Aspose\Cells\Cloud\AddTextTest" classname="Aspose.Cells.Cloud.AddTextTest" file="D:\cells.cloud-sdk-php\integrationtests\TextProcessing\AddTextTest.php" line="117" assertions="1" time="1.826628"/>
    </testsuite>
    <testsuite name="Aspose\Cells\Cloud\ConvertTextTest" file="D:\cells.cloud-sdk-php\integrationtests\TextProcessing\ConvertTextTest.php" tests="3" assertions="3" errors="0" warnings="0" failures="0" skipped="0" time="6.629738">
      <testcase name="testConvertText" class="Aspose\Cells\Cloud\ConvertTextTest" classname="Aspose.Cells.Cloud.ConvertTextTest" file="D:\cells.cloud-sdk-php\integrationtests\TextProcessing\ConvertTextTest.php" line="49" assertions="1" time="1.929856"/>
      <testcase name="testConvertTextWithConvertCharacters" class="Aspose\Cells\Cloud\ConvertTextTest" classname="Aspose.Cells.Cloud.ConvertTextTest" file="D:\cells.cloud-sdk-php\integrationtests\TextProcessing\ConvertTextTest.php" line="70" assertions="1" time="2.289806"/>
      <testcase name="testConvertTextWithConvertWriteSpace" class="Aspose\Cells\Cloud\ConvertTextTest" classname="Aspose.Cells.Cloud.ConvertTextTest" file="D:\cells.cloud-sdk-php\integrationtests\TextProcessing\ConvertTextTest.php" line="91" assertions="1" time="2.410076"/>
    </testsuite>
    <testsuite name="Aspose\Cells\Cloud\ExtractTextTest" file="D:\cells.cloud-sdk-php\integrationtests\TextProcessing\ExtractTextTest.php" tests="3" assertions="3" errors="0" warnings="0" failures="0" skipped="0" time="7.577823">
      <testcase name="testExtractText" class="Aspose\Cells\Cloud\ExtractTextTest" classname="Aspose.Cells.Cloud.ExtractTextTest" file="D:\cells.cloud-sdk-php\integrationtests\TextProcessing\ExtractTextTest.php" line="49" assertions="1" time="2.343319"/>
      <testcase name="testExtractTextWithExtractLastCharacter" class="Aspose\Cells\Cloud\ExtractTextTest" classname="Aspose.Cells.Cloud.ExtractTextTest" file="D:\cells.cloud-sdk-php\integrationtests\TextProcessing\ExtractTextTest.php" line="75" assertions="1" time="1.862215"/>
      <testcase name="testExtractTextWithExtractTextAfter" class="Aspose\Cells\Cloud\ExtractTextTest" classname="Aspose.Cells.Cloud.ExtractTextTest" file="D:\cells.cloud-sdk-php\integrationtests\TextProcessing\ExtractTextTest.php" line="101" assertions="1" time="3.372289"/>
    </testsuite>
    <testsuite name="Aspose\Cells\Cloud\RemoveCharactersTest" file="D:\cells.cloud-sdk-php\integrationtests\TextProcessing\RemoveCharactersTest.php" tests="5" assertions="5" errors="0" warnings="0" failures="0" skipped="0" time="25.916671">
      <testcase name="testRemoveCharacters" class="Aspose\Cells\Cloud\RemoveCharactersTest" classname="Aspose.Cells.Cloud.RemoveCharactersTest" file="D:\cells.cloud-sdk-php\integrationtests\TextProcessing\RemoveCharactersTest.php" line="51" assertions="1" time="2.308574"/>
      <testcase name="testRemoveDuplicateSubstrings" class="Aspose\Cells\Cloud\RemoveCharactersTest" classname="Aspose.Cells.Cloud.RemoveCharactersTest" file="D:\cells.cloud-sdk-php\integrationtests\TextProcessing\RemoveCharactersTest.php" line="74" assertions="1" time="3.280440"/>
      <testcase name="testRemoveCharactersWithFirstNCharacters" class="Aspose\Cells\Cloud\RemoveCharactersTest" classname="Aspose.Cells.Cloud.RemoveCharactersTest" file="D:\cells.cloud-sdk-php\integrationtests\TextProcessing\RemoveCharactersTest.php" line="95" assertions="1" time="15.015051"/>
      <testcase name="testRemoveCharactersWithAllCharactersBeforeText" class="Aspose\Cells\Cloud\RemoveCharactersTest" classname="Aspose.Cells.Cloud.RemoveCharactersTest" file="D:\cells.cloud-sdk-php\integrationtests\TextProcessing\RemoveCharactersTest.php" line="119" assertions="1" time="3.333856"/>
      <testcase name="testRemoveCharactersByPosition" class="Aspose\Cells\Cloud\RemoveCharactersTest" classname="Aspose.Cells.Cloud.RemoveCharactersTest" file="D:\cells.cloud-sdk-php\integrationtests\TextProcessing\RemoveCharactersTest.php" line="143" assertions="1" time="1.978750"/>
    </testsuite>
    <testsuite name="Aspose\Cells\Cloud\SplitTextTest" file="D:\cells.cloud-sdk-php\integrationtests\TextProcessing\SplitTextTest.php" tests="1" assertions="1" errors="0" warnings="0" failures="0" skipped="0" time="2.821056">
      <testcase name="testSplitText" class="Aspose\Cells\Cloud\SplitTextTest" classname="Aspose.Cells.Cloud.SplitTextTest" file="D:\cells.cloud-sdk-php\integrationtests\TextProcessing\SplitTextTest.php" line="49" assertions="1" time="2.821056"/>
    </testsuite>
    <testsuite name="Aspose\Cells\Cloud\TrimSpreadsheetTest" file="D:\cells.cloud-sdk-php\integrationtests\TextProcessing\TrimSpreadsheetTest.php" tests="2" assertions="2" errors="0" warnings="0" failures="0" skipped="0" time="3.664051">
      <testcase name="testTrimCharacter" class="Aspose\Cells\Cloud\TrimSpreadsheetTest" classname="Aspose.Cells.Cloud.TrimSpreadsheetTest" file="D:\cells.cloud-sdk-php\integrationtests\TextProcessing\TrimSpreadsheetTest.php" line="49" assertions="1" time="1.861894"/>
      <testcase name="testStartTrimCharacter" class="Aspose\Cells\Cloud\TrimSpreadsheetTest" classname="Aspose.Cells.Cloud.TrimSpreadsheetTest" file="D:\cells.cloud-sdk-php\integrationtests\TextProcessing\TrimSpreadsheetTest.php" line="73" assertions="1" time="1.802157"/>
    </testsuite>
    <testsuite name="Aspose\Cells\Cloud\UpdateWordCaseTest" file="D:\cells.cloud-sdk-php\integrationtests\TextProcessing\UpdateWordCaseTest.php" tests="3" assertions="3" errors="0" warnings="0" failures="0" skipped="0" time="8.462740">
      <testcase name="testUpdateWordCase" class="Aspose\Cells\Cloud\UpdateWordCaseTest" classname="Aspose.Cells.Cloud.UpdateWordCaseTest" file="D:\cells.cloud-sdk-php\integrationtests\TextProcessing\UpdateWordCaseTest.php" line="49" assertions="1" time="2.121709"/>
      <testcase name="testUpdateWordCaseInRange" class="Aspose\Cells\Cloud\UpdateWordCaseTest" classname="Aspose.Cells.Cloud.UpdateWordCaseTest" file="D:\cells.cloud-sdk-php\integrationtests\TextProcessing\UpdateWordCaseTest.php" line="69" assertions="1" time="3.697525"/>
      <testcase name="testUpdateWordCaseInSpreadsheet" class="Aspose\Cells\Cloud\UpdateWordCaseTest" classname="Aspose.Cells.Cloud.UpdateWordCaseTest" file="D:\cells.cloud-sdk-php\integrationtests\TextProcessing\UpdateWordCaseTest.php" line="90" assertions="1" time="2.643506"/>
    </testsuite>
  </testsuite>
</testsuites>
